<?xml version="1.0" encoding="UTF-8"?>
<!-- Generated by org.testng.reporters.JUnitReportReporter -->
<testsuite hostname="AELPT-0910" failures="1" tests="4" name="com.ae.qa.tests.Sysadmin.AuditLogsPageTest" time="133.540" errors="0" timestamp="2024-06-05T13:49:13 IST" skipped="0">
  <testcase classname="com.ae.qa.tests.Sysadmin.AuditLogsPageTest" name="validatecheckColumnsInAuditLogs" time="33.493"/>
  <system-out>
    <![CDATA[User logged in successfully
Clicked on audit logs tab
All Column got displayed in records after Checking select All checkbox.]]>
  </system-out>
  <testcase classname="com.ae.qa.tests.Sysadmin.AuditLogsPageTest" name="validatedeselectAllInAuditLogs" time="20.580">
    <failure message="All columns are not deselected.  expected [2] but found [1]" type="java.lang.AssertionError">
      <![CDATA[java.lang.AssertionError: All columns are not deselected.  expected [2] but found [1]
at org.testng.Assert.fail(Assert.java:99)
at org.testng.Assert.failNotEquals(Assert.java:1037)
at org.testng.Assert.assertEqualsImpl(Assert.java:140)
at org.testng.Assert.assertEquals(Assert.java:122)
at org.testng.Assert.assertEquals(Assert.java:907)
at com.ae.qa.pages.Sysadmin.AuditLogsPage.deselectAllInAuditLogs(AuditLogsPage.java:144)
at com.ae.qa.tests.Sysadmin.AuditLogsPageTest.validatedeselectAllInAuditLogs(AuditLogsPageTest.java:48)
at java.base/jdk.internal.reflect.NativeMethodAccessorImpl.invoke0(Native Method)
at java.base/jdk.internal.reflect.NativeMethodAccessorImpl.invoke(NativeMethodAccessorImpl.java:77)
at java.base/jdk.internal.reflect.DelegatingMethodAccessorImpl.invoke(DelegatingMethodAccessorImpl.java:43)
at java.base/java.lang.reflect.Method.invoke(Method.java:568)
at org.testng.internal.MethodInvocationHelper.invokeMethod(MethodInvocationHelper.java:133)
at org.testng.internal.TestInvoker.invokeMethod(TestInvoker.java:598)
at org.testng.internal.TestInvoker.invokeTestMethod(TestInvoker.java:173)
at org.testng.internal.MethodRunner.runInSequence(MethodRunner.java:46)
at org.testng.internal.TestInvoker$MethodInvocationAgent.invoke(TestInvoker.java:824)
at org.testng.internal.TestInvoker.invokeTestMethods(TestInvoker.java:146)
at org.testng.internal.TestMethodWorker.invokeTestMethods(TestMethodWorker.java:146)
at org.testng.internal.TestMethodWorker.run(TestMethodWorker.java:128)
at java.base/java.util.ArrayList.forEach(ArrayList.java:1511)
at org.testng.TestRunner.privateRun(TestRunner.java:794)
at org.testng.TestRunner.run(TestRunner.java:596)
at org.testng.SuiteRunner.runTest(SuiteRunner.java:377)
at org.testng.SuiteRunner.runSequentially(SuiteRunner.java:371)
at org.testng.SuiteRunner.privateRun(SuiteRunner.java:332)
at org.testng.SuiteRunner.run(SuiteRunner.java:276)
at org.testng.SuiteRunnerWorker.runSuite(SuiteRunnerWorker.java:53)
at org.testng.SuiteRunnerWorker.run(SuiteRunnerWorker.java:96)
at org.testng.TestNG.runSuitesSequentially(TestNG.java:1212)
at org.testng.TestNG.runSuitesLocally(TestNG.java:1134)
at org.testng.TestNG.runSuites(TestNG.java:1063)
at org.testng.TestNG.run(TestNG.java:1031)
at org.testng.remote.AbstractRemoteTestNG.run(AbstractRemoteTestNG.java:115)
at org.testng.remote.RemoteTestNG.initAndRun(RemoteTestNG.java:251)
at org.testng.remote.RemoteTestNG.main(RemoteTestNG.java:77)
]]>
    </failure>
  </testcase> <!-- validatedeselectAllInAuditLogs -->
  <system-out>
    <![CDATA[User logged in successfully
Clicked on audit logs tab
Select All Checkbox is not already selected, Hence selected twice to deselect it.
Selected count of No. of colums 1
Total No of columns in table: 1
Field of Columns: Entity
Column Value found]]>
  </system-out>
  <testcase classname="com.ae.qa.tests.Sysadmin.AuditLogsPageTest" name="verifySpecificColumnTest" time="34.358"/>
  <system-out>
    <![CDATA[User logged in successfully
Clicked on audit logs tab
Select All Checkbox is not already selected, Hence selected twice to deselect it.
Field of Columns: Entity
Field of Columns: Description
Field of Columns: Source
Column Value found
All columns selected found in table with Entity and ObjectId.]]>
  </system-out>
  <testcase classname="com.ae.qa.tests.Sysadmin.AuditLogsPageTest" name="verifycheckLogsTest" time="45.109"/>
  <system-out>
    <![CDATA[User logged in successfully
configure button is clicked
Started configuring server url
Server URL field edited Successfully
Clean Up Requests Hours field edited Successfully
Verify button is clicked
System Settings saved
User logged in successfully
Clicked on audit logs tab
LOGOUT
UPDATE
AUTHENTICATE
Operations in audit logs validated in table]]>
  </system-out>
</testsuite> <!-- com.ae.qa.tests.Sysadmin.AuditLogsPageTest -->
