<?xml version="1.0" encoding="UTF-8"?>
<!-- Generated by org.testng.reporters.JUnitReportReporter -->
<testsuite hostname="AELPT-0910" failures="1" tests="10" name="com.ae.qa.tests.WorkflowAdmin.SchedulerPageTestWA" time="570.909" errors="1" timestamp="2024-07-01T16:09:35 IST" skipped="0">
  <testcase classname="com.ae.qa.tests.WorkflowAdmin.SchedulerPageTestWA" name="validateDailyScheduleWATest" time="94.641"/>
  <system-out>
    <![CDATA[Tenant Admin signed in successfully
Agents tab is clicked
Workflow Assignment tab is clicked
Edit button is selected
Workflow is searched
Required wf is selected
Saved the operation
Assignment confirmed
Actual Wf Assignment Msg:Assignment saved successfully.
Expected Wf Assignment Msg:Assignment saved successfully.
Single workflow is successfully assigned to default agent
User signed out successfully
User logged in successfully
Workflows Tab is clicked
Scheduler tab clicked
Add new Button clicked
Schedule form details started
Schedule submitted
Actual Success Msg:Schedule created successfully
Expected Success Msg:Schedule created successfully
Daily Schedule created successfully
User signed out successfully]]>
  </system-out>
  <testcase classname="com.ae.qa.tests.WorkflowAdmin.SchedulerPageTestWA" name="validateEditDailyScheduleWATest" time="50.097"/>
  <system-out>
    <![CDATA[User logged in successfully
Workflows Tab is clicked
Scheduler tab clicked
End date changed
Repeat Every checkbox is selected
Repeat time is selcted
End Time is selected
Submit button clicked
Actual Success Msg:Schedule Edited successfully
Expected Success Msg:Schedule Edited successfully
Schedule edited successfully
User signed out successfully]]>
  </system-out>
  <testcase classname="com.ae.qa.tests.WorkflowAdmin.SchedulerPageTestWA" name="validateWeeklyScheduleWATest" time="85.143"/>
  <system-out>
    <![CDATA[User logged in successfully
Workflows Tab is clicked
Scheduler tab clicked
Add new Button clicked
Schedule form details started
Start day selected
End day selected
Schedule type selected
Repeat Every checkbox is selected
Repeat time is selcted
End Time is selected
Schedule submitted
Actual Success Msg:Schedule created successfully
Expected Success Msg:Schedule created successfully
Weekly Schedule created successfully
User signed out successfully]]>
  </system-out>
  <testcase classname="com.ae.qa.tests.WorkflowAdmin.SchedulerPageTestWA" name="validateEditWeeklyScheduleWATest" time="14.033">
    <error message="Element &lt;select id=&quot;timePeriodValue&quot; class=&quot;form-control scheduler-time-period-input-text ng-untouched ng-pristine ng-valid&quot; name=&quot;timePeriodValue&quot;&gt; is not clickable at point (572,530) because another element &lt;input class=&quot;form-control global-buttons rounded ng-untouched ng-pristine ng-valid&quot; name=&quot;search&quot; type=&quot;text&quot;&gt; obscures it
Build info: version: &#039;3.141.59&#039;, revision: &#039;e82be7d358&#039;, time: &#039;2018-11-14T08:17:03&#039;
System info: host: &#039;AELPT-0910&#039;, ip: &#039;192.168.10.225&#039;, os.name: &#039;Windows 10&#039;, os.arch: &#039;amd64&#039;, os.version: &#039;10.0&#039;, java.version: &#039;21.0.2&#039;
Driver info: org.openqa.selenium.firefox.FirefoxDriver
Capabilities {acceptInsecureCerts: true, browserName: firefox, browserVersion: 127.0.2, javascriptEnabled: true, moz:accessibilityChecks: false, moz:buildID: 20240624183754, moz:geckodriverVersion: 0.34.0, moz:headless: false, moz:platformVersion: 10.0, moz:processID: 19176, moz:profile: C:\Users\ROHIL~1.KUM\AppDat..., moz:shutdownTimeout: 60000, moz:webdriverClick: true, moz:windowless: false, pageLoadStrategy: normal, platform: WINDOWS, platformName: WINDOWS, proxy: Proxy(), setWindowRect: true, strictFileInteractability: false, timeouts: {implicit: 0, pageLoad: 300000, script: 30000}, unhandledPromptBehavior: dismiss and notify, userAgent: Mozilla/5.0 (Windows NT 10....}
Session ID: 54f77f19-b9ab-4261-8765-f9a2b5ec76e6" type="org.openqa.selenium.ElementClickInterceptedException">
      <![CDATA[org.openqa.selenium.ElementClickInterceptedException: Element <select id="timePeriodValue" class="form-control scheduler-time-period-input-text ng-untouched ng-pristine ng-valid" name="timePeriodValue"> is not clickable at point (572,530) because another element <input class="form-control global-buttons rounded ng-untouched ng-pristine ng-valid" name="search" type="text"> obscures it
Build info: version: '3.141.59', revision: 'e82be7d358', time: '2018-11-14T08:17:03'
System info: host: 'AELPT-0910', ip: '192.168.10.225', os.name: 'Windows 10', os.arch: 'amd64', os.version: '10.0', java.version: '21.0.2'
Driver info: org.openqa.selenium.firefox.FirefoxDriver
Capabilities {acceptInsecureCerts: true, browserName: firefox, browserVersion: 127.0.2, javascriptEnabled: true, moz:accessibilityChecks: false, moz:buildID: 20240624183754, moz:geckodriverVersion: 0.34.0, moz:headless: false, moz:platformVersion: 10.0, moz:processID: 19176, moz:profile: C:\Users\ROHIL~1.KUM\AppDat..., moz:shutdownTimeout: 60000, moz:webdriverClick: true, moz:windowless: false, pageLoadStrategy: normal, platform: WINDOWS, platformName: WINDOWS, proxy: Proxy(), setWindowRect: true, strictFileInteractability: false, timeouts: {implicit: 0, pageLoad: 300000, script: 30000}, unhandledPromptBehavior: dismiss and notify, userAgent: Mozilla/5.0 (Windows NT 10....}
Session ID: 54f77f19-b9ab-4261-8765-f9a2b5ec76e6
at java.base/jdk.internal.reflect.DirectConstructorHandleAccessor.newInstance(DirectConstructorHandleAccessor.java:62)
at java.base/java.lang.reflect.Constructor.newInstanceWithCaller(Constructor.java:502)
at java.base/java.lang.reflect.Constructor.newInstance(Constructor.java:486)
at org.openqa.selenium.remote.http.W3CHttpResponseCodec.createException(W3CHttpResponseCodec.java:187)
at org.openqa.selenium.remote.http.W3CHttpResponseCodec.decode(W3CHttpResponseCodec.java:122)
at org.openqa.selenium.remote.http.W3CHttpResponseCodec.decode(W3CHttpResponseCodec.java:49)
at org.openqa.selenium.remote.HttpCommandExecutor.execute(HttpCommandExecutor.java:158)
at org.openqa.selenium.remote.service.DriverCommandExecutor.execute(DriverCommandExecutor.java:83)
at org.openqa.selenium.remote.RemoteWebDriver.execute(RemoteWebDriver.java:552)
at org.openqa.selenium.remote.RemoteWebElement.execute(RemoteWebElement.java:285)
at org.openqa.selenium.remote.RemoteWebElement.click(RemoteWebElement.java:84)
at org.openqa.selenium.support.ui.Select.setSelected(Select.java:311)
at org.openqa.selenium.support.ui.Select.selectByValue(Select.java:187)
at com.ae.qa.pages.WorkflowAdmin.SchedulerPageWA.validateEditWeeklyScheduleWA(SchedulerPageWA.java:357)
at com.ae.qa.tests.WorkflowAdmin.SchedulerPageTestWA.validateEditWeeklyScheduleWATest(SchedulerPageTestWA.java:62)
at java.base/jdk.internal.reflect.DirectMethodHandleAccessor.invoke(DirectMethodHandleAccessor.java:103)
at java.base/java.lang.reflect.Method.invoke(Method.java:580)
at org.testng.internal.MethodInvocationHelper.invokeMethod(MethodInvocationHelper.java:133)
at org.testng.internal.TestInvoker.invokeMethod(TestInvoker.java:598)
at org.testng.internal.TestInvoker.invokeTestMethod(TestInvoker.java:173)
at org.testng.internal.MethodRunner.runInSequence(MethodRunner.java:46)
at org.testng.internal.TestInvoker$MethodInvocationAgent.invoke(TestInvoker.java:824)
at org.testng.internal.TestInvoker.invokeTestMethods(TestInvoker.java:146)
at org.testng.internal.TestMethodWorker.invokeTestMethods(TestMethodWorker.java:146)
at org.testng.internal.TestMethodWorker.run(TestMethodWorker.java:128)
at java.base/java.util.ArrayList.forEach(ArrayList.java:1596)
at org.testng.TestRunner.privateRun(TestRunner.java:794)
at org.testng.TestRunner.run(TestRunner.java:596)
at org.testng.SuiteRunner.runTest(SuiteRunner.java:377)
at org.testng.SuiteRunner.runSequentially(SuiteRunner.java:371)
at org.testng.SuiteRunner.privateRun(SuiteRunner.java:332)
at org.testng.SuiteRunner.run(SuiteRunner.java:276)
at org.testng.SuiteRunnerWorker.runSuite(SuiteRunnerWorker.java:53)
at org.testng.SuiteRunnerWorker.run(SuiteRunnerWorker.java:96)
at org.testng.TestNG.runSuitesSequentially(TestNG.java:1212)
at org.testng.TestNG.runSuitesLocally(TestNG.java:1134)
at org.testng.TestNG.runSuites(TestNG.java:1063)
at org.testng.TestNG.run(TestNG.java:1031)
at org.testng.remote.AbstractRemoteTestNG.run(AbstractRemoteTestNG.java:115)
at org.testng.remote.RemoteTestNG.initAndRun(RemoteTestNG.java:251)
at org.testng.remote.RemoteTestNG.main(RemoteTestNG.java:77)
]]>
    </error>
  </testcase> <!-- validateEditWeeklyScheduleWATest -->
  <system-out>
    <![CDATA[User logged in successfully
Workflows Tab is clicked
Scheduler tab clicked]]>
  </system-out>
  <testcase classname="com.ae.qa.tests.WorkflowAdmin.SchedulerPageTestWA" name="validateMonthlyScheduleWATest" time="83.344"/>
  <system-out>
    <![CDATA[User logged in successfully
Workflows Tab is clicked
Scheduler tab clicked
Add new Button clicked
Schedule form details started
Repeat Every checkbox is selected
Repeat time is selcted
End Time is selected
Schedule submitted
Actual Success Msg:Schedule created successfully
Expected Success Msg:Schedule created successfully
Weekly Schedule created successfully
User signed out successfully]]>
  </system-out>
  <testcase classname="com.ae.qa.tests.WorkflowAdmin.SchedulerPageTestWA" name="validateEditMonthlyScheduleWATest" time="30.260"/>
  <system-out>
    <![CDATA[User logged in successfully
Workflows Tab is clicked
Scheduler tab clicked
Edit button is clicked
Submit button clicked
Actual Success Msg:Schedule Edited successfully
Expected Success Msg:Schedule Edited successfully
Schedule edited successfully
User signed out successfully]]>
  </system-out>
  <testcase classname="com.ae.qa.tests.WorkflowAdmin.SchedulerPageTestWA" name="validateInfineScheduleWATest" time="81.211"/>
  <system-out>
    <![CDATA[User logged in successfully
Workflows Tab is clicked
Scheduler tab clicked
Add new Button clicked
Schedule form details started
Run Schedule Infinitely checbox selected
Repeat Every checkbox is selected
Repeat time is selcted
Schedule submitted
Actual Success Msg:Schedule created successfully
Expected Success Msg:Schedule created successfully
Infinite Weekly Schedule created successfully
User signed out successfully]]>
  </system-out>
  <testcase classname="com.ae.qa.tests.WorkflowAdmin.SchedulerPageTestWA" name="validateDeleteScheduleWATest" time="18.238">
    <failure message="Schedule not deleted expected [For automation deleted successfully] but found [DailySchedule1WA deleted successfully]" type="java.lang.AssertionError">
      <![CDATA[java.lang.AssertionError: Schedule not deleted expected [For automation deleted successfully] but found [DailySchedule1WA deleted successfully]
at org.testng.Assert.fail(Assert.java:99)
at org.testng.Assert.failNotEquals(Assert.java:1037)
at org.testng.Assert.assertEqualsImpl(Assert.java:140)
at org.testng.Assert.assertEquals(Assert.java:122)
at org.testng.Assert.assertEquals(Assert.java:629)
at com.ae.qa.pages.WorkflowAdmin.SchedulerPageWA.validateDeleteScheduleWA(SchedulerPageWA.java:620)
at com.ae.qa.tests.WorkflowAdmin.SchedulerPageTestWA.validateDeleteScheduleWATest(SchedulerPageTestWA.java:104)
at java.base/jdk.internal.reflect.DirectMethodHandleAccessor.invoke(DirectMethodHandleAccessor.java:103)
at java.base/java.lang.reflect.Method.invoke(Method.java:580)
at org.testng.internal.MethodInvocationHelper.invokeMethod(MethodInvocationHelper.java:133)
at org.testng.internal.TestInvoker.invokeMethod(TestInvoker.java:598)
at org.testng.internal.TestInvoker.invokeTestMethod(TestInvoker.java:173)
at org.testng.internal.MethodRunner.runInSequence(MethodRunner.java:46)
at org.testng.internal.TestInvoker$MethodInvocationAgent.invoke(TestInvoker.java:824)
at org.testng.internal.TestInvoker.invokeTestMethods(TestInvoker.java:146)
at org.testng.internal.TestMethodWorker.invokeTestMethods(TestMethodWorker.java:146)
at org.testng.internal.TestMethodWorker.run(TestMethodWorker.java:128)
at java.base/java.util.ArrayList.forEach(ArrayList.java:1596)
at org.testng.TestRunner.privateRun(TestRunner.java:794)
at org.testng.TestRunner.run(TestRunner.java:596)
at org.testng.SuiteRunner.runTest(SuiteRunner.java:377)
at org.testng.SuiteRunner.runSequentially(SuiteRunner.java:371)
at org.testng.SuiteRunner.privateRun(SuiteRunner.java:332)
at org.testng.SuiteRunner.run(SuiteRunner.java:276)
at org.testng.SuiteRunnerWorker.runSuite(SuiteRunnerWorker.java:53)
at org.testng.SuiteRunnerWorker.run(SuiteRunnerWorker.java:96)
at org.testng.TestNG.runSuitesSequentially(TestNG.java:1212)
at org.testng.TestNG.runSuitesLocally(TestNG.java:1134)
at org.testng.TestNG.runSuites(TestNG.java:1063)
at org.testng.TestNG.run(TestNG.java:1031)
at org.testng.remote.AbstractRemoteTestNG.run(AbstractRemoteTestNG.java:115)
at org.testng.remote.RemoteTestNG.initAndRun(RemoteTestNG.java:251)
at org.testng.remote.RemoteTestNG.main(RemoteTestNG.java:77)
]]>
    </failure>
  </testcase> <!-- validateDeleteScheduleWATest -->
  <system-out>
    <![CDATA[User logged in successfully
Workflows Tab is clicked
Scheduler tab clicked
Schedule got disable
Delete schedule button clicked
Actual Success Msg:DailySchedule1WA deleted successfully
Expected Success Msg:For automation deleted successfully]]>
  </system-out>
  <testcase classname="com.ae.qa.tests.WorkflowAdmin.SchedulerPageTestWA" name="validateEditScheduleCreateTATest" time="96.941"/>
  <system-out>
    <![CDATA[User logged in successfully
Workflows Tab is clicked
Scheduler tab clicked
Add new Button clicked
Schedule form details started
Schedule submitted
Actual Success Msg:Schedule created successfully
Expected Success Msg:Schedule created successfully
Daily Schedule created successfully
User signed out successfully
User logged in successfully
Workflows Tab is clicked
Scheduler tab clicked
End date changed
Repeat Every checkbox is selected
Repeat time is selcted
End Time is selected
Submit button clicked
Actual Success Msg:Schedule Edited successfully
Expected Success Msg:Schedule Edited successfully
Schedule edited successfully
User signed out successfully]]>
  </system-out>
  <testcase classname="com.ae.qa.tests.WorkflowAdmin.SchedulerPageTestWA" name="validateInactiveScheduleCreateTATest" time="17.001"/>
  <system-out>
    <![CDATA[User logged in successfully
Workflows Tab is clicked
Scheduler tab clicked
Status Slider bar is clicked
Schedule created by Tenant admin is made Inactive successfully
User signed out successfully]]>
  </system-out>
</testsuite> <!-- com.ae.qa.tests.WorkflowAdmin.SchedulerPageTestWA -->
