<?xml version="1.0" encoding="UTF-8"?>
<!-- Generated by org.testng.reporters.JUnitReportReporter -->
<testsuite hostname="AELPT-0910" failures="0" tests="33" name="com.ae.qa.testcases.SystemUsersPageTest" time="191.410" errors="2" timestamp="2023-09-29T12:21:35 IST" skipped="30">
  <testcase classname="com.ae.qa.testcases.SystemUsersPageTest" name="getResult" time="2.364">
    <error message="no such window: target window already closed
from unknown error: web view not found
  (Session info: chrome=117.0.5938.132)
Build info: version: &#039;3.141.59&#039;, revision: &#039;e82be7d358&#039;, time: &#039;2018-11-14T08:17:03&#039;
System info: host: &#039;AELPT-0910&#039;, ip: &#039;172.11.1.13&#039;, os.name: &#039;Windows 10&#039;, os.arch: &#039;amd64&#039;, os.version: &#039;10.0&#039;, java.version: &#039;17.0.6&#039;
Driver info: org.openqa.selenium.chrome.ChromeDriver
Capabilities {acceptInsecureCerts: false, browserName: chrome, browserVersion: 117.0.5938.132, chrome: {chromedriverVersion: 116.0.5845.96 (1a3918166880..., userDataDir: C:\Windows\SystemTemp\scope...}, fedcm:accounts: true, goog:chromeOptions: {debuggerAddress: localhost:52867}, javascriptEnabled: true, networkConnectionEnabled: false, pageLoadStrategy: normal, platform: WINDOWS, platformName: WINDOWS, proxy: Proxy(), setWindowRect: true, strictFileInteractability: false, timeouts: {implicit: 0, pageLoad: 300000, script: 30000}, unhandledPromptBehavior: dismiss and notify, webauthn:extension:credBlob: true, webauthn:extension:largeBlob: true, webauthn:extension:minPinLength: true, webauthn:extension:prf: true, webauthn:virtualAuthenticators: true}
Session ID: f1ab3be0eaefb4d0875e02b58dcff20d" type="org.openqa.selenium.NoSuchWindowException">
      <![CDATA[org.openqa.selenium.NoSuchWindowException: no such window: target window already closed
from unknown error: web view not found
  (Session info: chrome=117.0.5938.132)
Build info: version: '3.141.59', revision: 'e82be7d358', time: '2018-11-14T08:17:03'
System info: host: 'AELPT-0910', ip: '172.11.1.13', os.name: 'Windows 10', os.arch: 'amd64', os.version: '10.0', java.version: '17.0.6'
Driver info: org.openqa.selenium.chrome.ChromeDriver
Capabilities {acceptInsecureCerts: false, browserName: chrome, browserVersion: 117.0.5938.132, chrome: {chromedriverVersion: 116.0.5845.96 (1a3918166880..., userDataDir: C:\Windows\SystemTemp\scope...}, fedcm:accounts: true, goog:chromeOptions: {debuggerAddress: localhost:52867}, javascriptEnabled: true, networkConnectionEnabled: false, pageLoadStrategy: normal, platform: WINDOWS, platformName: WINDOWS, proxy: Proxy(), setWindowRect: true, strictFileInteractability: false, timeouts: {implicit: 0, pageLoad: 300000, script: 30000}, unhandledPromptBehavior: dismiss and notify, webauthn:extension:credBlob: true, webauthn:extension:largeBlob: true, webauthn:extension:minPinLength: true, webauthn:extension:prf: true, webauthn:virtualAuthenticators: true}
Session ID: f1ab3be0eaefb4d0875e02b58dcff20d
at java.base/jdk.internal.reflect.NativeConstructorAccessorImpl.newInstance0(Native Method)
at java.base/jdk.internal.reflect.NativeConstructorAccessorImpl.newInstance(NativeConstructorAccessorImpl.java:77)
at java.base/jdk.internal.reflect.DelegatingConstructorAccessorImpl.newInstance(DelegatingConstructorAccessorImpl.java:45)
at java.base/java.lang.reflect.Constructor.newInstanceWithCaller(Constructor.java:499)
at java.base/java.lang.reflect.Constructor.newInstance(Constructor.java:480)
at org.openqa.selenium.remote.http.W3CHttpResponseCodec.createException(W3CHttpResponseCodec.java:187)
at org.openqa.selenium.remote.http.W3CHttpResponseCodec.decode(W3CHttpResponseCodec.java:122)
at org.openqa.selenium.remote.http.W3CHttpResponseCodec.decode(W3CHttpResponseCodec.java:49)
at org.openqa.selenium.remote.HttpCommandExecutor.execute(HttpCommandExecutor.java:158)
at org.openqa.selenium.remote.service.DriverCommandExecutor.execute(DriverCommandExecutor.java:83)
at org.openqa.selenium.remote.RemoteWebDriver.execute(RemoteWebDriver.java:552)
at org.openqa.selenium.remote.RemoteWebDriver.execute(RemoteWebDriver.java:609)
at org.openqa.selenium.remote.RemoteWebDriver.getScreenshotAs(RemoteWebDriver.java:295)
at com.ae.qa.base.TestBase.getScreenShot(TestBase.java:150)
at com.ae.qa.base.TestBase.getResult(TestBase.java:252)
at java.base/jdk.internal.reflect.NativeMethodAccessorImpl.invoke0(Native Method)
at java.base/jdk.internal.reflect.NativeMethodAccessorImpl.invoke(NativeMethodAccessorImpl.java:77)
at java.base/jdk.internal.reflect.DelegatingMethodAccessorImpl.invoke(DelegatingMethodAccessorImpl.java:43)
at java.base/java.lang.reflect.Method.invoke(Method.java:568)
at org.testng.internal.invokers.MethodInvocationHelper.invokeMethod(MethodInvocationHelper.java:139)
at org.testng.internal.invokers.MethodInvocationHelper.invokeMethodConsideringTimeout(MethodInvocationHelper.java:69)
at org.testng.internal.invokers.ConfigInvoker.invokeConfigurationMethod(ConfigInvoker.java:361)
at org.testng.internal.invokers.ConfigInvoker.invokeConfigurations(ConfigInvoker.java:296)
at org.testng.internal.invokers.TestInvoker.runConfigMethods(TestInvoker.java:816)
at org.testng.internal.invokers.TestInvoker.runAfterConfigurations(TestInvoker.java:785)
at org.testng.internal.invokers.TestInvoker.invokeMethod(TestInvoker.java:761)
at org.testng.internal.invokers.TestInvoker.invokeTestMethod(TestInvoker.java:221)
at org.testng.internal.invokers.MethodRunner.runInSequence(MethodRunner.java:50)
at org.testng.internal.invokers.TestInvoker$MethodInvocationAgent.invoke(TestInvoker.java:962)
at org.testng.internal.invokers.TestInvoker.invokeTestMethods(TestInvoker.java:194)
at org.testng.internal.invokers.TestMethodWorker.invokeTestMethods(TestMethodWorker.java:148)
at org.testng.internal.invokers.TestMethodWorker.run(TestMethodWorker.java:128)
at java.base/java.util.ArrayList.forEach(ArrayList.java:1511)
at org.testng.TestRunner.privateRun(TestRunner.java:806)
at org.testng.TestRunner.run(TestRunner.java:601)
at org.testng.SuiteRunner.runTest(SuiteRunner.java:433)
at org.testng.SuiteRunner.runSequentially(SuiteRunner.java:427)
at org.testng.SuiteRunner.privateRun(SuiteRunner.java:387)
at org.testng.SuiteRunner.run(SuiteRunner.java:330)
at org.testng.SuiteRunnerWorker.runSuite(SuiteRunnerWorker.java:52)
at org.testng.SuiteRunnerWorker.run(SuiteRunnerWorker.java:95)
at org.testng.TestNG.runSuitesSequentially(TestNG.java:1256)
at org.testng.TestNG.runSuitesLocally(TestNG.java:1176)
at org.testng.TestNG.runSuites(TestNG.java:1099)
at org.testng.TestNG.run(TestNG.java:1067)
at org.testng.remote.AbstractRemoteTestNG.run(AbstractRemoteTestNG.java:115)
at org.testng.remote.RemoteTestNG.initAndRun(RemoteTestNG.java:251)
at org.testng.remote.RemoteTestNG.main(RemoteTestNG.java:77)
]]>
    </error>
  </testcase> <!-- getResult -->
  <system-out/>
  <testcase classname="com.ae.qa.testcases.SystemUsersPageTest" name="creatingSystemAdminTest" time="75.648"/>
  <system-out>
    <![CDATA[User logged in successfully
User is created successfully
System Admin is verified and present in the webtable]]>
  </system-out>
  <testcase classname="com.ae.qa.testcases.SystemUsersPageTest" name="validateEditSystemUsers" time="113.393">
    <error message="no such window: target window already closed
from unknown error: web view not found
  (Session info: chrome=117.0.5938.132)
Build info: version: &#039;3.141.59&#039;, revision: &#039;e82be7d358&#039;, time: &#039;2018-11-14T08:17:03&#039;
System info: host: &#039;AELPT-0910&#039;, ip: &#039;172.11.1.13&#039;, os.name: &#039;Windows 10&#039;, os.arch: &#039;amd64&#039;, os.version: &#039;10.0&#039;, java.version: &#039;17.0.6&#039;
Driver info: org.openqa.selenium.chrome.ChromeDriver
Capabilities {acceptInsecureCerts: false, browserName: chrome, browserVersion: 117.0.5938.132, chrome: {chromedriverVersion: 116.0.5845.96 (1a3918166880..., userDataDir: C:\Windows\SystemTemp\scope...}, fedcm:accounts: true, goog:chromeOptions: {debuggerAddress: localhost:52867}, javascriptEnabled: true, networkConnectionEnabled: false, pageLoadStrategy: normal, platform: WINDOWS, platformName: WINDOWS, proxy: Proxy(), setWindowRect: true, strictFileInteractability: false, timeouts: {implicit: 0, pageLoad: 300000, script: 30000}, unhandledPromptBehavior: dismiss and notify, webauthn:extension:credBlob: true, webauthn:extension:largeBlob: true, webauthn:extension:minPinLength: true, webauthn:extension:prf: true, webauthn:virtualAuthenticators: true}
Session ID: f1ab3be0eaefb4d0875e02b58dcff20d
*** Element info: {Using=id, value=role}" type="org.openqa.selenium.NoSuchWindowException">
      <![CDATA[org.openqa.selenium.NoSuchWindowException: no such window: target window already closed
from unknown error: web view not found
  (Session info: chrome=117.0.5938.132)
Build info: version: '3.141.59', revision: 'e82be7d358', time: '2018-11-14T08:17:03'
System info: host: 'AELPT-0910', ip: '172.11.1.13', os.name: 'Windows 10', os.arch: 'amd64', os.version: '10.0', java.version: '17.0.6'
Driver info: org.openqa.selenium.chrome.ChromeDriver
Capabilities {acceptInsecureCerts: false, browserName: chrome, browserVersion: 117.0.5938.132, chrome: {chromedriverVersion: 116.0.5845.96 (1a3918166880..., userDataDir: C:\Windows\SystemTemp\scope...}, fedcm:accounts: true, goog:chromeOptions: {debuggerAddress: localhost:52867}, javascriptEnabled: true, networkConnectionEnabled: false, pageLoadStrategy: normal, platform: WINDOWS, platformName: WINDOWS, proxy: Proxy(), setWindowRect: true, strictFileInteractability: false, timeouts: {implicit: 0, pageLoad: 300000, script: 30000}, unhandledPromptBehavior: dismiss and notify, webauthn:extension:credBlob: true, webauthn:extension:largeBlob: true, webauthn:extension:minPinLength: true, webauthn:extension:prf: true, webauthn:virtualAuthenticators: true}
Session ID: f1ab3be0eaefb4d0875e02b58dcff20d
*** Element info: {Using=id, value=role}
at java.base/jdk.internal.reflect.NativeConstructorAccessorImpl.newInstance0(Native Method)
at java.base/jdk.internal.reflect.NativeConstructorAccessorImpl.newInstance(NativeConstructorAccessorImpl.java:77)
at java.base/jdk.internal.reflect.DelegatingConstructorAccessorImpl.newInstance(DelegatingConstructorAccessorImpl.java:45)
at java.base/java.lang.reflect.Constructor.newInstanceWithCaller(Constructor.java:499)
at java.base/java.lang.reflect.Constructor.newInstance(Constructor.java:480)
at org.openqa.selenium.remote.http.W3CHttpResponseCodec.createException(W3CHttpResponseCodec.java:187)
at org.openqa.selenium.remote.http.W3CHttpResponseCodec.decode(W3CHttpResponseCodec.java:122)
at org.openqa.selenium.remote.http.W3CHttpResponseCodec.decode(W3CHttpResponseCodec.java:49)
at org.openqa.selenium.remote.HttpCommandExecutor.execute(HttpCommandExecutor.java:158)
at org.openqa.selenium.remote.service.DriverCommandExecutor.execute(DriverCommandExecutor.java:83)
at org.openqa.selenium.remote.RemoteWebDriver.execute(RemoteWebDriver.java:552)
at org.openqa.selenium.remote.RemoteWebDriver.findElement(RemoteWebDriver.java:323)
at org.openqa.selenium.remote.RemoteWebDriver.findElementById(RemoteWebDriver.java:372)
at org.openqa.selenium.By$ById.findElement(By.java:188)
at org.openqa.selenium.remote.RemoteWebDriver.findElement(RemoteWebDriver.java:315)
at org.openqa.selenium.support.pagefactory.DefaultElementLocator.findElement(DefaultElementLocator.java:69)
at org.openqa.selenium.support.pagefactory.internal.LocatingElementHandler.invoke(LocatingElementHandler.java:38)
at jdk.proxy2/jdk.proxy2.$Proxy30.findElements(Unknown Source)
at org.openqa.selenium.support.ui.Select.selectByVisibleText(Select.java:132)
at com.ae.qa.pages.SystemUsersPage.creation(SystemUsersPage.java:132)
at com.ae.qa.pages.SystemUsersPage.EditSystemUsers(SystemUsersPage.java:229)
at com.ae.qa.testcases.SystemUsersPageTest.validateEditSystemUsers(SystemUsersPageTest.java:41)
at java.base/jdk.internal.reflect.NativeMethodAccessorImpl.invoke0(Native Method)
at java.base/jdk.internal.reflect.NativeMethodAccessorImpl.invoke(NativeMethodAccessorImpl.java:77)
at java.base/jdk.internal.reflect.DelegatingMethodAccessorImpl.invoke(DelegatingMethodAccessorImpl.java:43)
at java.base/java.lang.reflect.Method.invoke(Method.java:568)
at org.testng.internal.invokers.MethodInvocationHelper.invokeMethod(MethodInvocationHelper.java:139)
at org.testng.internal.invokers.TestInvoker.invokeMethod(TestInvoker.java:677)
at org.testng.internal.invokers.TestInvoker.invokeTestMethod(TestInvoker.java:221)
at org.testng.internal.invokers.MethodRunner.runInSequence(MethodRunner.java:50)
at org.testng.internal.invokers.TestInvoker$MethodInvocationAgent.invoke(TestInvoker.java:962)
at org.testng.internal.invokers.TestInvoker.invokeTestMethods(TestInvoker.java:194)
at org.testng.internal.invokers.TestMethodWorker.invokeTestMethods(TestMethodWorker.java:148)
at org.testng.internal.invokers.TestMethodWorker.run(TestMethodWorker.java:128)
at java.base/java.util.ArrayList.forEach(ArrayList.java:1511)
at org.testng.TestRunner.privateRun(TestRunner.java:806)
at org.testng.TestRunner.run(TestRunner.java:601)
at org.testng.SuiteRunner.runTest(SuiteRunner.java:433)
at org.testng.SuiteRunner.runSequentially(SuiteRunner.java:427)
at org.testng.SuiteRunner.privateRun(SuiteRunner.java:387)
at org.testng.SuiteRunner.run(SuiteRunner.java:330)
at org.testng.SuiteRunnerWorker.runSuite(SuiteRunnerWorker.java:52)
at org.testng.SuiteRunnerWorker.run(SuiteRunnerWorker.java:95)
at org.testng.TestNG.runSuitesSequentially(TestNG.java:1256)
at org.testng.TestNG.runSuitesLocally(TestNG.java:1176)
at org.testng.TestNG.runSuites(TestNG.java:1099)
at org.testng.TestNG.run(TestNG.java:1067)
at org.testng.remote.AbstractRemoteTestNG.run(AbstractRemoteTestNG.java:115)
at org.testng.remote.RemoteTestNG.initAndRun(RemoteTestNG.java:251)
at org.testng.remote.RemoteTestNG.main(RemoteTestNG.java:77)
]]>
    </error>
  </testcase> <!-- validateEditSystemUsers -->
  <system-out>
    <![CDATA[User logged in successfully]]>
  </system-out>
  <testcase classname="com.ae.qa.testcases.SystemUsersPageTest" name="validatePasswordMismatch" time="0.000">
    <skipped/>
  </testcase> <!-- validatePasswordMismatch -->
  <system-out/>
  <testcase classname="com.ae.qa.testcases.SystemUsersPageTest" name="validateSystemUsersPageTest" time="0.000">
    <skipped/>
  </testcase> <!-- validateSystemUsersPageTest -->
  <system-out/>
  <testcase classname="com.ae.qa.testcases.SystemUsersPageTest" name="validateCreatingTenantLicenseAdminTest" time="0.000">
    <skipped/>
  </testcase> <!-- validateCreatingTenantLicenseAdminTest -->
  <system-out/>
  <testcase classname="com.ae.qa.testcases.SystemUsersPageTest" name="validateEditTenantLicenseAdminTest" time="0.000">
    <skipped/>
  </testcase> <!-- validateEditTenantLicenseAdminTest -->
  <system-out/>
  <testcase classname="com.ae.qa.testcases.SystemUsersPageTest" name="validateDeleteSystemAdminTest" time="0.000">
    <skipped/>
  </testcase> <!-- validateDeleteSystemAdminTest -->
  <system-out/>
  <testcase classname="com.ae.qa.testcases.SystemUsersPageTest" name="validateAdvSearchForUserNameEqualToSystemUserPageTest" time="0.000">
    <skipped/>
  </testcase> <!-- validateAdvSearchForUserNameEqualToSystemUserPageTest -->
  <system-out/>
  <testcase classname="com.ae.qa.testcases.SystemUsersPageTest" name="validateAdvSearchForUserNameNotEqualToSystemUserPageTest" time="0.001">
    <skipped/>
  </testcase> <!-- validateAdvSearchForUserNameNotEqualToSystemUserPageTest -->
  <system-out/>
  <testcase classname="com.ae.qa.testcases.SystemUsersPageTest" name="validateAdvSearchForUserNameIsLikeSystemUserPageTest" time="0.000">
    <skipped/>
  </testcase> <!-- validateAdvSearchForUserNameIsLikeSystemUserPageTest -->
  <system-out/>
  <testcase classname="com.ae.qa.testcases.SystemUsersPageTest" name="validateAdvSearchForUserNameBeginsWithSystemUserPageTest" time="0.000">
    <skipped/>
  </testcase> <!-- validateAdvSearchForUserNameBeginsWithSystemUserPageTest -->
  <system-out/>
  <testcase classname="com.ae.qa.testcases.SystemUsersPageTest" name="validateAdvSearchForUserNameEndsWithSystemUserPageTest" time="0.000">
    <skipped/>
  </testcase> <!-- validateAdvSearchForUserNameEndsWithSystemUserPageTest -->
  <system-out/>
  <testcase classname="com.ae.qa.testcases.SystemUsersPageTest" name="validateAdvSearchForFirstNameEqualToSystemUserPageTest" time="0.000">
    <skipped/>
  </testcase> <!-- validateAdvSearchForFirstNameEqualToSystemUserPageTest -->
  <system-out/>
  <testcase classname="com.ae.qa.testcases.SystemUsersPageTest" name="validateAdvSearchForFirstNameNotEqualToSystemUserPageTest" time="0.000">
    <skipped/>
  </testcase> <!-- validateAdvSearchForFirstNameNotEqualToSystemUserPageTest -->
  <system-out/>
  <testcase classname="com.ae.qa.testcases.SystemUsersPageTest" name="validateAdvSearchForFirstNameIsLikeSystemUserPageTest" time="0.000">
    <skipped/>
  </testcase> <!-- validateAdvSearchForFirstNameIsLikeSystemUserPageTest -->
  <system-out/>
  <testcase classname="com.ae.qa.testcases.SystemUsersPageTest" name="validateAdvSearchForFirstNameBeginsWithSystemUserPageTest" time="0.000">
    <skipped/>
  </testcase> <!-- validateAdvSearchForFirstNameBeginsWithSystemUserPageTest -->
  <system-out/>
  <testcase classname="com.ae.qa.testcases.SystemUsersPageTest" name="validateAdvSearchForFirstNameEndsWithSystemUserPageTest" time="0.003">
    <skipped/>
  </testcase> <!-- validateAdvSearchForFirstNameEndsWithSystemUserPageTest -->
  <system-out/>
  <testcase classname="com.ae.qa.testcases.SystemUsersPageTest" name="validateAdvSearchForLastNameEqualToSystemUserPageTest" time="0.000">
    <skipped/>
  </testcase> <!-- validateAdvSearchForLastNameEqualToSystemUserPageTest -->
  <system-out/>
  <testcase classname="com.ae.qa.testcases.SystemUsersPageTest" name="validateAdvSearchForLastNameNotEqualToSystemUserPageTest" time="0.000">
    <skipped/>
  </testcase> <!-- validateAdvSearchForLastNameNotEqualToSystemUserPageTest -->
  <system-out/>
  <testcase classname="com.ae.qa.testcases.SystemUsersPageTest" name="validateAdvSearchForLastNameIsLikeSystemUserPageTest" time="0.000">
    <skipped/>
  </testcase> <!-- validateAdvSearchForLastNameIsLikeSystemUserPageTest -->
  <system-out/>
  <testcase classname="com.ae.qa.testcases.SystemUsersPageTest" name="validateAdvSearchForLastNameBeginsWithSystemUserPageTest" time="0.000">
    <skipped/>
  </testcase> <!-- validateAdvSearchForLastNameBeginsWithSystemUserPageTest -->
  <system-out/>
  <testcase classname="com.ae.qa.testcases.SystemUsersPageTest" name="validateAdvSearchForLastNameEndsWithSystemUserPageTest" time="0.000">
    <skipped/>
  </testcase> <!-- validateAdvSearchForLastNameEndsWithSystemUserPageTest -->
  <system-out/>
  <testcase classname="com.ae.qa.testcases.SystemUsersPageTest" name="validateCreatedEqualToSystemUserPageTest" time="0.000">
    <skipped/>
  </testcase> <!-- validateCreatedEqualToSystemUserPageTest -->
  <system-out/>
  <testcase classname="com.ae.qa.testcases.SystemUsersPageTest" name="validateCreatedBeforeSystemUserPageTest" time="0.000">
    <skipped/>
  </testcase> <!-- validateCreatedBeforeSystemUserPageTest -->
  <system-out/>
  <testcase classname="com.ae.qa.testcases.SystemUsersPageTest" name="validateCreatedAfterSystemUserPageTest" time="0.000">
    <skipped/>
  </testcase> <!-- validateCreatedAfterSystemUserPageTest -->
  <system-out/>
  <testcase classname="com.ae.qa.testcases.SystemUsersPageTest" name="validateCreatedInBetweenSystemUserPageTest" time="0.000">
    <skipped/>
  </testcase> <!-- validateCreatedInBetweenSystemUserPageTest -->
  <system-out/>
  <testcase classname="com.ae.qa.testcases.SystemUsersPageTest" name="validateCreatedNotInBetweenSystemUserPageTest" time="0.001">
    <skipped/>
  </testcase> <!-- validateCreatedNotInBetweenSystemUserPageTest -->
  <system-out/>
  <testcase classname="com.ae.qa.testcases.SystemUsersPageTest" name="validateLastUpdatedCreatedEqualToSystemUserPageTest" time="0.000">
    <skipped/>
  </testcase> <!-- validateLastUpdatedCreatedEqualToSystemUserPageTest -->
  <system-out/>
  <testcase classname="com.ae.qa.testcases.SystemUsersPageTest" name="validateLastUpdatedCreatedBeforeSystemUserPageTest" time="0.000">
    <skipped/>
  </testcase> <!-- validateLastUpdatedCreatedBeforeSystemUserPageTest -->
  <system-out/>
  <testcase classname="com.ae.qa.testcases.SystemUsersPageTest" name="validateLastUpdatedCreatedAfterSystemUserPageTest" time="0.000">
    <skipped/>
  </testcase> <!-- validateLastUpdatedCreatedAfterSystemUserPageTest -->
  <system-out/>
  <testcase classname="com.ae.qa.testcases.SystemUsersPageTest" name="validateLastUpdatedCreatedInBetweenSystemUserPageTest" time="0.000">
    <skipped/>
  </testcase> <!-- validateLastUpdatedCreatedInBetweenSystemUserPageTest -->
  <system-out/>
  <testcase classname="com.ae.qa.testcases.SystemUsersPageTest" name="validateLastUpdatedCreatedNotInBetweenSystemUserPageTest" time="0.000">
    <skipped/>
  </testcase> <!-- validateLastUpdatedCreatedNotInBetweenSystemUserPageTest -->
  <system-out/>
</testsuite> <!-- com.ae.qa.testcases.SystemUsersPageTest -->
