<?xml version="1.0" encoding="UTF-8"?>
<!-- Generated by org.testng.reporters.JUnitReportReporter -->
<testsuite hostname="AELPT-0910" failures="0" tests="24" name="com.ae.qa.testcasesTenantAdmin.HolidayCalenderPageTestTA" time="429.729" errors="2" timestamp="2023-07-28T12:04:00 IST" skipped="11">
  <testcase classname="com.ae.qa.testcasesTenantAdmin.HolidayCalenderPageTestTA" name="getResult" time="7.615">
    <error message="Tried to run command without establishing a connection
Build info: version: &#039;3.141.59&#039;, revision: &#039;e82be7d358&#039;, time: &#039;2018-11-14T08:17:03&#039;
System info: host: &#039;AELPT-0910&#039;, ip: &#039;192.168.0.104&#039;, os.name: &#039;Windows 10&#039;, os.arch: &#039;amd64&#039;, os.version: &#039;10.0&#039;, java.version: &#039;17.0.6&#039;
Driver info: org.openqa.selenium.firefox.FirefoxDriver
Capabilities {acceptInsecureCerts: true, browserName: firefox, browserVersion: 115.0.2, javascriptEnabled: true, moz:accessibilityChecks: false, moz:buildID: 20230710165010, moz:geckodriverVersion: 0.33.0, moz:headless: false, moz:platformVersion: 10.0, moz:processID: 29556, moz:profile: C:\Users\ROHIL~1.KUM\AppDat..., moz:shutdownTimeout: 60000, moz:useNonSpecCompliantPointerOrigin: false, moz:webdriverClick: true, moz:windowless: false, pageLoadStrategy: normal, platform: WINDOWS, platformName: WINDOWS, proxy: Proxy(), setWindowRect: true, strictFileInteractability: false, timeouts: {implicit: 0, pageLoad: 300000, script: 30000}, unhandledPromptBehavior: dismiss and notify}
Session ID: c7042a85-6fbb-48cc-a548-72e59e40a838" type="org.openqa.selenium.NoSuchSessionException">
      <![CDATA[org.openqa.selenium.NoSuchSessionException: Tried to run command without establishing a connection
Build info: version: '3.141.59', revision: 'e82be7d358', time: '2018-11-14T08:17:03'
System info: host: 'AELPT-0910', ip: '192.168.0.104', os.name: 'Windows 10', os.arch: 'amd64', os.version: '10.0', java.version: '17.0.6'
Driver info: org.openqa.selenium.firefox.FirefoxDriver
Capabilities {acceptInsecureCerts: true, browserName: firefox, browserVersion: 115.0.2, javascriptEnabled: true, moz:accessibilityChecks: false, moz:buildID: 20230710165010, moz:geckodriverVersion: 0.33.0, moz:headless: false, moz:platformVersion: 10.0, moz:processID: 29556, moz:profile: C:\Users\ROHIL~1.KUM\AppDat..., moz:shutdownTimeout: 60000, moz:useNonSpecCompliantPointerOrigin: false, moz:webdriverClick: true, moz:windowless: false, pageLoadStrategy: normal, platform: WINDOWS, platformName: WINDOWS, proxy: Proxy(), setWindowRect: true, strictFileInteractability: false, timeouts: {implicit: 0, pageLoad: 300000, script: 30000}, unhandledPromptBehavior: dismiss and notify}
Session ID: c7042a85-6fbb-48cc-a548-72e59e40a838
at java.base/jdk.internal.reflect.NativeConstructorAccessorImpl.newInstance0(Native Method)
at java.base/jdk.internal.reflect.NativeConstructorAccessorImpl.newInstance(NativeConstructorAccessorImpl.java:77)
at java.base/jdk.internal.reflect.DelegatingConstructorAccessorImpl.newInstance(DelegatingConstructorAccessorImpl.java:45)
at java.base/java.lang.reflect.Constructor.newInstanceWithCaller(Constructor.java:499)
at java.base/java.lang.reflect.Constructor.newInstance(Constructor.java:480)
at org.openqa.selenium.remote.http.W3CHttpResponseCodec.createException(W3CHttpResponseCodec.java:187)
at org.openqa.selenium.remote.http.W3CHttpResponseCodec.decode(W3CHttpResponseCodec.java:122)
at org.openqa.selenium.remote.http.W3CHttpResponseCodec.decode(W3CHttpResponseCodec.java:49)
at org.openqa.selenium.remote.HttpCommandExecutor.execute(HttpCommandExecutor.java:158)
at org.openqa.selenium.remote.service.DriverCommandExecutor.execute(DriverCommandExecutor.java:83)
at org.openqa.selenium.remote.RemoteWebDriver.execute(RemoteWebDriver.java:552)
at org.openqa.selenium.remote.RemoteWebDriver.execute(RemoteWebDriver.java:609)
at org.openqa.selenium.remote.RemoteWebDriver.getScreenshotAs(RemoteWebDriver.java:295)
at com.ae.qa.base.TestBase.getScreenShot(TestBase.java:124)
at com.ae.qa.base.TestBase.getResult(TestBase.java:222)
at java.base/jdk.internal.reflect.NativeMethodAccessorImpl.invoke0(Native Method)
at java.base/jdk.internal.reflect.NativeMethodAccessorImpl.invoke(NativeMethodAccessorImpl.java:77)
at java.base/jdk.internal.reflect.DelegatingMethodAccessorImpl.invoke(DelegatingMethodAccessorImpl.java:43)
at java.base/java.lang.reflect.Method.invoke(Method.java:568)
at org.testng.internal.invokers.MethodInvocationHelper.invokeMethod(MethodInvocationHelper.java:139)
at org.testng.internal.invokers.MethodInvocationHelper.invokeMethodConsideringTimeout(MethodInvocationHelper.java:69)
at org.testng.internal.invokers.ConfigInvoker.invokeConfigurationMethod(ConfigInvoker.java:361)
at org.testng.internal.invokers.ConfigInvoker.invokeConfigurations(ConfigInvoker.java:296)
at org.testng.internal.invokers.TestInvoker.runConfigMethods(TestInvoker.java:816)
at org.testng.internal.invokers.TestInvoker.runAfterConfigurations(TestInvoker.java:785)
at org.testng.internal.invokers.TestInvoker.invokeMethod(TestInvoker.java:761)
at org.testng.internal.invokers.TestInvoker.invokeTestMethod(TestInvoker.java:221)
at org.testng.internal.invokers.MethodRunner.runInSequence(MethodRunner.java:50)
at org.testng.internal.invokers.TestInvoker$MethodInvocationAgent.invoke(TestInvoker.java:962)
at org.testng.internal.invokers.TestInvoker.invokeTestMethods(TestInvoker.java:194)
at org.testng.internal.invokers.TestMethodWorker.invokeTestMethods(TestMethodWorker.java:148)
at org.testng.internal.invokers.TestMethodWorker.run(TestMethodWorker.java:128)
at java.base/java.util.ArrayList.forEach(ArrayList.java:1511)
at org.testng.TestRunner.privateRun(TestRunner.java:806)
at org.testng.TestRunner.run(TestRunner.java:601)
at org.testng.SuiteRunner.runTest(SuiteRunner.java:433)
at org.testng.SuiteRunner.runSequentially(SuiteRunner.java:427)
at org.testng.SuiteRunner.privateRun(SuiteRunner.java:387)
at org.testng.SuiteRunner.run(SuiteRunner.java:330)
at org.testng.SuiteRunnerWorker.runSuite(SuiteRunnerWorker.java:52)
at org.testng.SuiteRunnerWorker.run(SuiteRunnerWorker.java:95)
at org.testng.TestNG.runSuitesSequentially(TestNG.java:1256)
at org.testng.TestNG.runSuitesLocally(TestNG.java:1176)
at org.testng.TestNG.runSuites(TestNG.java:1099)
at org.testng.TestNG.run(TestNG.java:1067)
at org.testng.remote.AbstractRemoteTestNG.run(AbstractRemoteTestNG.java:115)
at org.testng.remote.RemoteTestNG.initAndRun(RemoteTestNG.java:251)
at org.testng.remote.RemoteTestNG.main(RemoteTestNG.java:77)
]]>
    </error>
  </testcase> <!-- getResult -->
  <system-out/>
  <testcase classname="com.ae.qa.testcasesTenantAdmin.HolidayCalenderPageTestTA" name="validateCreateHolidayCalenderUpcomingYearTest" time="50.727"/>
  <system-out>
    <![CDATA[User logged in successfully
Holiday Calender Tab is clicked
User signed out successfully]]>
  </system-out>
  <testcase classname="com.ae.qa.testcasesTenantAdmin.HolidayCalenderPageTestTA" name="validateEditHolidayCalenderTest" time="39.107"/>
  <system-out>
    <![CDATA[User logged in successfully
Holiday Calender Tab is clicked
User signed out successfully]]>
  </system-out>
  <testcase classname="com.ae.qa.testcasesTenantAdmin.HolidayCalenderPageTestTA" name="validateRemoveHolidayListDatesTest" time="47.727"/>
  <system-out>
    <![CDATA[User logged in successfully
Holiday Calender Tab is clicked
User signed out successfully]]>
  </system-out>
  <testcase classname="com.ae.qa.testcasesTenantAdmin.HolidayCalenderPageTestTA" name="validateCreateCloneHolidayCalenderTest" time="28.261"/>
  <system-out>
    <![CDATA[User logged in successfully
Holiday Calender Tab is clicked
User signed out successfully]]>
  </system-out>
  <testcase classname="com.ae.qa.testcasesTenantAdmin.HolidayCalenderPageTestTA" name="validateEditCloneHolidayCalenderTest" time="34.506"/>
  <system-out>
    <![CDATA[User logged in successfully
Holiday Calender Tab is clicked
User signed out successfully]]>
  </system-out>
  <testcase classname="com.ae.qa.testcasesTenantAdmin.HolidayCalenderPageTestTA" name="validateRenewHoildayCalenderTest" time="56.904"/>
  <system-out>
    <![CDATA[User logged in successfully
Holiday Calender Tab is clicked
User signed out successfully]]>
  </system-out>
  <testcase classname="com.ae.qa.testcasesTenantAdmin.HolidayCalenderPageTestTA" name="validateEditRenewHolidayCalenderTest" time="35.368"/>
  <system-out>
    <![CDATA[User logged in successfully
Holiday Calender Tab is clicked
User signed out successfully]]>
  </system-out>
  <testcase classname="com.ae.qa.testcasesTenantAdmin.HolidayCalenderPageTestTA" name="validateRemoveHoildayDatesRenewTest" time="50.099"/>
  <system-out>
    <![CDATA[User logged in successfully
Holiday Calender Tab is clicked
User signed out successfully]]>
  </system-out>
  <testcase classname="com.ae.qa.testcasesTenantAdmin.HolidayCalenderPageTestTA" name="validateDeleteHolidayCalenderTest" time="27.418"/>
  <system-out>
    <![CDATA[User logged in successfully
Holiday Calender Tab is clicked
User signed out successfully]]>
  </system-out>
  <testcase classname="com.ae.qa.testcasesTenantAdmin.HolidayCalenderPageTestTA" name="validateHolidayCalenderPageTest" time="20.987"/>
  <system-out>
    <![CDATA[User logged in successfully
Actual page title displayed on screen is: Holiday Calendar and Expected page title is: Holiday Calendar
Respective Page is clicked and appropriate page is loaded properly
User signed out successfully]]>
  </system-out>
  <testcase classname="com.ae.qa.testcasesTenantAdmin.HolidayCalenderPageTestTA" name="validateAdvSearchForNameEqualToHolidayPageTATest" time="26.289"/>
  <system-out>
    <![CDATA[User log in Successfully
Advanced Search is clicked
Name is selected
equal to comparator is selected
Add filter button is clicked successfully
Search button is clicked
Below validation is to validate new Holiday name record is visible in webtable]]>
  </system-out>
  <testcase classname="com.ae.qa.testcasesTenantAdmin.HolidayCalenderPageTestTA" name="validateAdvSearchForNameNotEqualToHolidayPageTATest" time="4.721">
    <error message="Failed to decode response from marionette
Build info: version: &#039;3.141.59&#039;, revision: &#039;e82be7d358&#039;, time: &#039;2018-11-14T08:17:03&#039;
System info: host: &#039;AELPT-0910&#039;, ip: &#039;192.168.0.104&#039;, os.name: &#039;Windows 10&#039;, os.arch: &#039;amd64&#039;, os.version: &#039;10.0&#039;, java.version: &#039;17.0.6&#039;
Driver info: org.openqa.selenium.firefox.FirefoxDriver
Capabilities {acceptInsecureCerts: true, browserName: firefox, browserVersion: 115.0.2, javascriptEnabled: true, moz:accessibilityChecks: false, moz:buildID: 20230710165010, moz:geckodriverVersion: 0.33.0, moz:headless: false, moz:platformVersion: 10.0, moz:processID: 29556, moz:profile: C:\Users\ROHIL~1.KUM\AppDat..., moz:shutdownTimeout: 60000, moz:useNonSpecCompliantPointerOrigin: false, moz:webdriverClick: true, moz:windowless: false, pageLoadStrategy: normal, platform: WINDOWS, platformName: WINDOWS, proxy: Proxy(), setWindowRect: true, strictFileInteractability: false, timeouts: {implicit: 0, pageLoad: 300000, script: 30000}, unhandledPromptBehavior: dismiss and notify}
Session ID: c7042a85-6fbb-48cc-a548-72e59e40a838
*** Element info: {Using=xpath, value=//span[@class=&#039;fa fa-caret-right&#039;]}" type="org.openqa.selenium.WebDriverException">
      <![CDATA[org.openqa.selenium.WebDriverException: Failed to decode response from marionette
Build info: version: '3.141.59', revision: 'e82be7d358', time: '2018-11-14T08:17:03'
System info: host: 'AELPT-0910', ip: '192.168.0.104', os.name: 'Windows 10', os.arch: 'amd64', os.version: '10.0', java.version: '17.0.6'
Driver info: org.openqa.selenium.firefox.FirefoxDriver
Capabilities {acceptInsecureCerts: true, browserName: firefox, browserVersion: 115.0.2, javascriptEnabled: true, moz:accessibilityChecks: false, moz:buildID: 20230710165010, moz:geckodriverVersion: 0.33.0, moz:headless: false, moz:platformVersion: 10.0, moz:processID: 29556, moz:profile: C:\Users\ROHIL~1.KUM\AppDat..., moz:shutdownTimeout: 60000, moz:useNonSpecCompliantPointerOrigin: false, moz:webdriverClick: true, moz:windowless: false, pageLoadStrategy: normal, platform: WINDOWS, platformName: WINDOWS, proxy: Proxy(), setWindowRect: true, strictFileInteractability: false, timeouts: {implicit: 0, pageLoad: 300000, script: 30000}, unhandledPromptBehavior: dismiss and notify}
Session ID: c7042a85-6fbb-48cc-a548-72e59e40a838
*** Element info: {Using=xpath, value=//span[@class='fa fa-caret-right']}
at java.base/jdk.internal.reflect.NativeConstructorAccessorImpl.newInstance0(Native Method)
at java.base/jdk.internal.reflect.NativeConstructorAccessorImpl.newInstance(NativeConstructorAccessorImpl.java:77)
at java.base/jdk.internal.reflect.DelegatingConstructorAccessorImpl.newInstance(DelegatingConstructorAccessorImpl.java:45)
at java.base/java.lang.reflect.Constructor.newInstanceWithCaller(Constructor.java:499)
at java.base/java.lang.reflect.Constructor.newInstance(Constructor.java:480)
at org.openqa.selenium.remote.http.W3CHttpResponseCodec.createException(W3CHttpResponseCodec.java:187)
at org.openqa.selenium.remote.http.W3CHttpResponseCodec.decode(W3CHttpResponseCodec.java:122)
at org.openqa.selenium.remote.http.W3CHttpResponseCodec.decode(W3CHttpResponseCodec.java:49)
at org.openqa.selenium.remote.HttpCommandExecutor.execute(HttpCommandExecutor.java:158)
at org.openqa.selenium.remote.service.DriverCommandExecutor.execute(DriverCommandExecutor.java:83)
at org.openqa.selenium.remote.RemoteWebDriver.execute(RemoteWebDriver.java:552)
at org.openqa.selenium.remote.RemoteWebDriver.findElement(RemoteWebDriver.java:323)
at org.openqa.selenium.remote.RemoteWebDriver.findElementByXPath(RemoteWebDriver.java:428)
at org.openqa.selenium.By$ByXPath.findElement(By.java:353)
at org.openqa.selenium.remote.RemoteWebDriver.findElement(RemoteWebDriver.java:315)
at org.openqa.selenium.support.pagefactory.DefaultElementLocator.findElement(DefaultElementLocator.java:69)
at org.openqa.selenium.support.pagefactory.internal.LocatingElementHandler.invoke(LocatingElementHandler.java:38)
at jdk.proxy2/jdk.proxy2.$Proxy30.click(Unknown Source)
at com.ae.qa.util.CommonWebElements.validateClickOnAdvanceSearch(CommonWebElements.java:70)
at com.ae.qa.pagesTenantAdmin.HolidayCalenderPageTA.validateAdvSearch(HolidayCalenderPageTA.java:473)
at com.ae.qa.pagesTenantAdmin.HolidayCalenderPageTA.validateAdvSearchForNameNotEqualTo(HolidayCalenderPageTA.java:497)
at com.ae.qa.testcasesTenantAdmin.HolidayCalenderPageTestTA.validateAdvSearchForNameNotEqualToHolidayPageTATest(HolidayCalenderPageTestTA.java:145)
at java.base/jdk.internal.reflect.NativeMethodAccessorImpl.invoke0(Native Method)
at java.base/jdk.internal.reflect.NativeMethodAccessorImpl.invoke(NativeMethodAccessorImpl.java:77)
at java.base/jdk.internal.reflect.DelegatingMethodAccessorImpl.invoke(DelegatingMethodAccessorImpl.java:43)
at java.base/java.lang.reflect.Method.invoke(Method.java:568)
at org.testng.internal.invokers.MethodInvocationHelper.invokeMethod(MethodInvocationHelper.java:139)
at org.testng.internal.invokers.TestInvoker.invokeMethod(TestInvoker.java:677)
at org.testng.internal.invokers.TestInvoker.invokeTestMethod(TestInvoker.java:221)
at org.testng.internal.invokers.MethodRunner.runInSequence(MethodRunner.java:50)
at org.testng.internal.invokers.TestInvoker$MethodInvocationAgent.invoke(TestInvoker.java:962)
at org.testng.internal.invokers.TestInvoker.invokeTestMethods(TestInvoker.java:194)
at org.testng.internal.invokers.TestMethodWorker.invokeTestMethods(TestMethodWorker.java:148)
at org.testng.internal.invokers.TestMethodWorker.run(TestMethodWorker.java:128)
at java.base/java.util.ArrayList.forEach(ArrayList.java:1511)
at org.testng.TestRunner.privateRun(TestRunner.java:806)
at org.testng.TestRunner.run(TestRunner.java:601)
at org.testng.SuiteRunner.runTest(SuiteRunner.java:433)
at org.testng.SuiteRunner.runSequentially(SuiteRunner.java:427)
at org.testng.SuiteRunner.privateRun(SuiteRunner.java:387)
at org.testng.SuiteRunner.run(SuiteRunner.java:330)
at org.testng.SuiteRunnerWorker.runSuite(SuiteRunnerWorker.java:52)
at org.testng.SuiteRunnerWorker.run(SuiteRunnerWorker.java:95)
at org.testng.TestNG.runSuitesSequentially(TestNG.java:1256)
at org.testng.TestNG.runSuitesLocally(TestNG.java:1176)
at org.testng.TestNG.runSuites(TestNG.java:1099)
at org.testng.TestNG.run(TestNG.java:1067)
at org.testng.remote.AbstractRemoteTestNG.run(AbstractRemoteTestNG.java:115)
at org.testng.remote.RemoteTestNG.initAndRun(RemoteTestNG.java:251)
at org.testng.remote.RemoteTestNG.main(RemoteTestNG.java:77)
]]>
    </error>
  </testcase> <!-- validateAdvSearchForNameNotEqualToHolidayPageTATest -->
  <system-out>
    <![CDATA[User log in Successfully]]>
  </system-out>
  <testcase classname="com.ae.qa.testcasesTenantAdmin.HolidayCalenderPageTestTA" name="validateAdvSearchForNameIsLikeHolidayPageTATest" time="0.000">
    <skipped/>
  </testcase> <!-- validateAdvSearchForNameIsLikeHolidayPageTATest -->
  <system-out/>
  <testcase classname="com.ae.qa.testcasesTenantAdmin.HolidayCalenderPageTestTA" name="validateAdvSearchForNameBeginsWithHolidayPageTATest" time="0.000">
    <skipped/>
  </testcase> <!-- validateAdvSearchForNameBeginsWithHolidayPageTATest -->
  <system-out/>
  <testcase classname="com.ae.qa.testcasesTenantAdmin.HolidayCalenderPageTestTA" name="validateAdvSearchForNameEndsWithHolidayPageTATest" time="0.000">
    <skipped/>
  </testcase> <!-- validateAdvSearchForNameEndsWithHolidayPageTATest -->
  <system-out/>
  <testcase classname="com.ae.qa.testcasesTenantAdmin.HolidayCalenderPageTestTA" name="validateAdvSearchForYearEqualToHolidayPageTATest" time="0.000">
    <skipped/>
  </testcase> <!-- validateAdvSearchForYearEqualToHolidayPageTATest -->
  <system-out/>
  <testcase classname="com.ae.qa.testcasesTenantAdmin.HolidayCalenderPageTestTA" name="validateAdvSearchForYearNotEqualToHolidayPageTATest" time="0.000">
    <skipped/>
  </testcase> <!-- validateAdvSearchForYearNotEqualToHolidayPageTATest -->
  <system-out/>
  <testcase classname="com.ae.qa.testcasesTenantAdmin.HolidayCalenderPageTestTA" name="validateAdvSearchForYearLessThanHolidayPageTATest" time="0.000">
    <skipped/>
  </testcase> <!-- validateAdvSearchForYearLessThanHolidayPageTATest -->
  <system-out/>
  <testcase classname="com.ae.qa.testcasesTenantAdmin.HolidayCalenderPageTestTA" name="validateAdvSearchForYearGreaterThanHolidayPageTATest" time="0.000">
    <skipped/>
  </testcase> <!-- validateAdvSearchForYearGreaterThanHolidayPageTATest -->
  <system-out/>
  <testcase classname="com.ae.qa.testcasesTenantAdmin.HolidayCalenderPageTestTA" name="validateAdvSearchForYearInRangeHolidayPageTATest" time="0.000">
    <skipped/>
  </testcase> <!-- validateAdvSearchForYearInRangeHolidayPageTATest -->
  <system-out/>
  <testcase classname="com.ae.qa.testcasesTenantAdmin.HolidayCalenderPageTestTA" name="validateAdvSearchForYearNotInRangeHolidayPageTATest" time="0.000">
    <skipped/>
  </testcase> <!-- validateAdvSearchForYearNotInRangeHolidayPageTATest -->
  <system-out/>
  <testcase classname="com.ae.qa.testcasesTenantAdmin.HolidayCalenderPageTestTA" name="validateTimeZoneDropdownEqualToHolidayPageTATest" time="0.000">
    <skipped/>
  </testcase> <!-- validateTimeZoneDropdownEqualToHolidayPageTATest -->
  <system-out/>
  <testcase classname="com.ae.qa.testcasesTenantAdmin.HolidayCalenderPageTestTA" name="validateTimeZoneDropdownNotEqualToHolidayPageTATest" time="0.000">
    <skipped/>
  </testcase> <!-- validateTimeZoneDropdownNotEqualToHolidayPageTATest -->
  <system-out/>
</testsuite> <!-- com.ae.qa.testcasesTenantAdmin.HolidayCalenderPageTestTA -->
