<?xml version="1.0" encoding="UTF-8"?>
<!-- Generated by org.testng.reporters.JUnitReportReporter -->
<testsuite hostname="AELPT-0910" failures="1" tests="4" name="com.ae.qa.tests.Sysadmin.ArtifactsPageTest" time="84.891" errors="0" timestamp="2024-06-24T18:23:44 IST" skipped="2">
  <testcase classname="com.ae.qa.tests.Sysadmin.ArtifactsPageTest" name="validateUploadPSTest" time="57.397">
    <failure message="Operation is not showing correctly in Logs expected [UPLOAD] but found [UPDATE]" type="java.lang.AssertionError">
      <![CDATA[java.lang.AssertionError: Operation is not showing correctly in Logs expected [UPLOAD] but found [UPDATE]
at org.testng.Assert.fail(Assert.java:99)
at org.testng.Assert.failNotEquals(Assert.java:1037)
at org.testng.Assert.assertEqualsImpl(Assert.java:140)
at org.testng.Assert.assertEquals(Assert.java:122)
at org.testng.Assert.assertEquals(Assert.java:629)
at com.ae.qa.pages.Sysadmin.ArtifactsPage.ValidateUploadPS(ArtifactsPage.java:114)
at com.ae.qa.tests.Sysadmin.ArtifactsPageTest.validateUploadPSTest(ArtifactsPageTest.java:37)
at java.base/jdk.internal.reflect.DirectMethodHandleAccessor.invoke(DirectMethodHandleAccessor.java:103)
at java.base/java.lang.reflect.Method.invoke(Method.java:580)
at org.testng.internal.MethodInvocationHelper.invokeMethod(MethodInvocationHelper.java:133)
at org.testng.internal.TestInvoker.invokeMethod(TestInvoker.java:598)
at org.testng.internal.TestInvoker.invokeTestMethod(TestInvoker.java:173)
at org.testng.internal.MethodRunner.runInSequence(MethodRunner.java:46)
at org.testng.internal.TestInvoker$MethodInvocationAgent.invoke(TestInvoker.java:824)
at org.testng.internal.TestInvoker.invokeTestMethods(TestInvoker.java:146)
at org.testng.internal.TestMethodWorker.invokeTestMethods(TestMethodWorker.java:146)
at org.testng.internal.TestMethodWorker.run(TestMethodWorker.java:128)
at java.base/java.util.ArrayList.forEach(ArrayList.java:1596)
at org.testng.TestRunner.privateRun(TestRunner.java:794)
at org.testng.TestRunner.run(TestRunner.java:596)
at org.testng.SuiteRunner.runTest(SuiteRunner.java:377)
at org.testng.SuiteRunner.runSequentially(SuiteRunner.java:371)
at org.testng.SuiteRunner.privateRun(SuiteRunner.java:332)
at org.testng.SuiteRunner.run(SuiteRunner.java:276)
at org.testng.SuiteRunnerWorker.runSuite(SuiteRunnerWorker.java:53)
at org.testng.SuiteRunnerWorker.run(SuiteRunnerWorker.java:96)
at org.testng.TestNG.runSuitesSequentially(TestNG.java:1212)
at org.testng.TestNG.runSuitesLocally(TestNG.java:1134)
at org.testng.TestNG.runSuites(TestNG.java:1063)
at org.testng.TestNG.run(TestNG.java:1031)
at org.testng.remote.AbstractRemoteTestNG.run(AbstractRemoteTestNG.java:115)
at org.testng.remote.RemoteTestNG.initAndRun(RemoteTestNG.java:251)
at org.testng.remote.RemoteTestNG.main(RemoteTestNG.java:77)
]]>
    </failure>
  </testcase> <!-- validateUploadPSTest -->
  <system-out>
    <![CDATA[Upload button is clicked
Upload PS button clicked
Failure message for Invalid Artifact name: Artifact name for Process Studio distribution is case-sensitive. Please enter name as "Process Studio".
Please upload artifacts with valid name
Artifact name has given correctly
Upload PS button clicked
Success message for valid Artifact name: Artifact uploaded successfully
Artifact uploaded successfully
Actual Entity after uploading PS Upload: ARTIFACT
Actual Operation after uploading PS Upload: UPDATE]]>
  </system-out>
  <testcase classname="com.ae.qa.tests.Sysadmin.ArtifactsPageTest" name="ValidateUpdatePSTest" time="5.030">
    <skipped/>
  </testcase> <!-- ValidateUpdatePSTest -->
  <system-out/>
  <testcase classname="com.ae.qa.tests.Sysadmin.ArtifactsPageTest" name="validateArtifactsPageTest" time="22.464"/>
  <system-out>
    <![CDATA[User log in Successfully
Actual page title displayed on screen is: Artifacts and Expected page title is: Artifacts
Respective Page is clicked and appropriate page is loaded properly]]>
  </system-out>
  <testcase classname="com.ae.qa.tests.Sysadmin.ArtifactsPageTest" name="ValidateDeletePSTest" time="0.000">
    <skipped/>
  </testcase> <!-- ValidateDeletePSTest -->
  <system-out/>
</testsuite> <!-- com.ae.qa.tests.Sysadmin.ArtifactsPageTest -->
