<?xml version="1.0" encoding="UTF-8"?>
<!-- Generated by org.testng.reporters.JUnitReportReporter -->
<testsuite hostname="AELPT-0910" failures="1" tests="5" name="com.ae.qa.tests.TenantAdmin.HomePageTestTA" time="129.507" errors="0" timestamp="2024-06-06T15:35:12 IST" skipped="0">
  <testcase classname="com.ae.qa.tests.TenantAdmin.HomePageTestTA" name="validateUploadLicenseTest" time="40.445"/>
  <system-out>
    <![CDATA[Workflows Tab is clicked
Import button clicked
Create Button is clicked
Import is not possible w/o License 
HomeTab is clicked
Upload Licens ebox is clicked
License file submitted
Upload button is clicked
License Uploaded successfully for Tenant
User signed out successfully]]>
  </system-out>
  <testcase classname="com.ae.qa.tests.TenantAdmin.HomePageTestTA" name="validateSearchFunctionalityTATest" time="9.063">
    <failure message="Search functionality did&#039;nt work properly expected [Single Sign-On] but found []" type="java.lang.AssertionError">
      <![CDATA[java.lang.AssertionError: Search functionality did'nt work properly expected [Single Sign-On] but found []
at org.testng.Assert.fail(Assert.java:99)
at org.testng.Assert.failNotEquals(Assert.java:1037)
at org.testng.Assert.assertEqualsImpl(Assert.java:140)
at org.testng.Assert.assertEquals(Assert.java:122)
at org.testng.Assert.assertEquals(Assert.java:629)
at com.ae.qa.pages.TenantAdmin.HomePageTA.validateSearchFunctionalityTA(HomePageTA.java:152)
at com.ae.qa.tests.TenantAdmin.HomePageTestTA.validateSearchFunctionalityTATest(HomePageTestTA.java:37)
at java.base/jdk.internal.reflect.NativeMethodAccessorImpl.invoke0(Native Method)
at java.base/jdk.internal.reflect.NativeMethodAccessorImpl.invoke(NativeMethodAccessorImpl.java:77)
at java.base/jdk.internal.reflect.DelegatingMethodAccessorImpl.invoke(DelegatingMethodAccessorImpl.java:43)
at java.base/java.lang.reflect.Method.invoke(Method.java:568)
at org.testng.internal.MethodInvocationHelper.invokeMethod(MethodInvocationHelper.java:133)
at org.testng.internal.TestInvoker.invokeMethod(TestInvoker.java:598)
at org.testng.internal.TestInvoker.invokeTestMethod(TestInvoker.java:173)
at org.testng.internal.MethodRunner.runInSequence(MethodRunner.java:46)
at org.testng.internal.TestInvoker$MethodInvocationAgent.invoke(TestInvoker.java:824)
at org.testng.internal.TestInvoker.invokeTestMethods(TestInvoker.java:146)
at org.testng.internal.TestMethodWorker.invokeTestMethods(TestMethodWorker.java:146)
at org.testng.internal.TestMethodWorker.run(TestMethodWorker.java:128)
at java.base/java.util.ArrayList.forEach(ArrayList.java:1511)
at org.testng.TestRunner.privateRun(TestRunner.java:794)
at org.testng.TestRunner.run(TestRunner.java:596)
at org.testng.SuiteRunner.runTest(SuiteRunner.java:377)
at org.testng.SuiteRunner.runSequentially(SuiteRunner.java:371)
at org.testng.SuiteRunner.privateRun(SuiteRunner.java:332)
at org.testng.SuiteRunner.run(SuiteRunner.java:276)
at org.testng.SuiteRunnerWorker.runSuite(SuiteRunnerWorker.java:53)
at org.testng.SuiteRunnerWorker.run(SuiteRunnerWorker.java:96)
at org.testng.TestNG.runSuitesSequentially(TestNG.java:1212)
at org.testng.TestNG.runSuitesLocally(TestNG.java:1134)
at org.testng.TestNG.runSuites(TestNG.java:1063)
at org.testng.TestNG.run(TestNG.java:1031)
at org.testng.remote.AbstractRemoteTestNG.run(AbstractRemoteTestNG.java:115)
at org.testng.remote.RemoteTestNG.initAndRun(RemoteTestNG.java:251)
at org.testng.remote.RemoteTestNG.main(RemoteTestNG.java:77)
]]>
    </failure>
  </testcase> <!-- validateSearchFunctionalityTATest -->
  <system-out>
    <![CDATA[User log in Successfully
User searched for functionality: Single Sign-On and Found is: ]]>
  </system-out>
  <testcase classname="com.ae.qa.tests.TenantAdmin.HomePageTestTA" name="validateHomePageTATest" time="16.258"/>
  <system-out>
    <![CDATA[User log in Successfully
Actual page title displayed on screen is: Home and Expected page title is: Home
Respective Page is clicked and appropriate page is loaded properly
User signed out successfully]]>
  </system-out>
  <testcase classname="com.ae.qa.tests.TenantAdmin.HomePageTestTA" name="validateLicenseDetailTabTest" time="50.569"/>
  <system-out>
    <![CDATA[User log in Successfully
Home Tab is clicked
License Details Tab is clicked
DEVELOPMENT
20
20
20
100000
10
18-Jan-2024
17-Jan-2025
Actual License details :-[DEVELOPMENT, 20, 20, 20, 100000, 10, 18-Jan-2024, 17-Jan-2025]
Expected License details :-[DEVELOPMENT, 20, 20, 20, 100000, 10, 18-Jan-2024, 17-Jan-2025]
License details are validated successfully
User signed out successfully]]>
  </system-out>
  <testcase classname="com.ae.qa.tests.TenantAdmin.HomePageTestTA" name="validateLicenseDetailHomepageTest" time="13.172"/>
  <system-out>
    <![CDATA[User log in Successfully
Actual Agent Thread count:-20
Actual Step Units count:-100000
Actual Expiry Date:-17-Jan-2025
License details on Homepage are validated successfully
User signed out successfully]]>
  </system-out>
</testsuite> <!-- com.ae.qa.tests.TenantAdmin.HomePageTestTA -->
