<?xml version="1.0" encoding="UTF-8"?>
<!-- Generated by org.testng.reporters.JUnitReportReporter -->
<testsuite hostname="AELPT-0910" failures="1" tests="5" name="com.ae.qa.tests.TenantAdmin.PermissionsPageTestTA" time="148.760" errors="0" timestamp="2024-07-10T10:45:03 IST" skipped="0">
  <testcase classname="com.ae.qa.tests.TenantAdmin.PermissionsPageTestTA" name="validatePermissionsPageTATest" time="18.544"/>
  <system-out>
    <![CDATA[User log in Successfully
Workflows Permissions Tab is clicked
Actual page title displayed on screen is: Workflow Permissions and Expected page title is: Workflow Permissions
Respective Page is clicked and appropriate page is loaded properly
User signed out successfully]]>
  </system-out>
  <testcase classname="com.ae.qa.tests.TenantAdmin.PermissionsPageTestTA" name="validateRunPermissionUserGroupTest" time="59.411"/>
  <system-out>
    <![CDATA[User logged in successfully
Workflows Permissions Tab is clicked
Categories button is clicked
Workflow category is selected successfully
Groups button is selected successfully
Run Permission is selected successfully
Save button is clicked
Actual Success Message:- Permissions updated successfully
Expected Success Message:- Permissions updated successfully
Permission is updated successfully
User signed out successfully
Catalogue Tab is clicked
Workflow whose request needs to be send is selected
Submit request button is clicked
OK button is clicked
User signed out successfully
Catalogue Tab is clicked
Workflow whose request needs to be send is selected
Submit request button is clicked
OK button is clicked
User signed out successfully
Execute permission is assigned to user group successfully]]>
  </system-out>
  <testcase classname="com.ae.qa.tests.TenantAdmin.PermissionsPageTestTA" name="validatemodifyPermissionUserGroupTest" time="30.690">
    <failure message="Workflow not updated expected [Workflow updated successfully] but found [Value for &quot;Cleanup Requests older than(Hours)&quot; cannot be greater than the value [4] set by System Administrator!]" type="java.lang.AssertionError">
      <![CDATA[java.lang.AssertionError: Workflow not updated expected [Workflow updated successfully] but found [Value for "Cleanup Requests older than(Hours)" cannot be greater than the value [4] set by System Administrator!]
at org.testng.Assert.fail(Assert.java:99)
at org.testng.Assert.failNotEquals(Assert.java:1037)
at org.testng.Assert.assertEqualsImpl(Assert.java:140)
at org.testng.Assert.assertEquals(Assert.java:122)
at org.testng.Assert.assertEquals(Assert.java:629)
at com.ae.qa.pages.TenantAdmin.PermissionsPageTA.modifyPermissionUserGroup(PermissionsPageTA.java:339)
at com.ae.qa.tests.TenantAdmin.PermissionsPageTestTA.validatemodifyPermissionUserGroupTest(PermissionsPageTestTA.java:109)
at java.base/jdk.internal.reflect.DirectMethodHandleAccessor.invoke(DirectMethodHandleAccessor.java:103)
at java.base/java.lang.reflect.Method.invoke(Method.java:580)
at org.testng.internal.MethodInvocationHelper.invokeMethod(MethodInvocationHelper.java:133)
at org.testng.internal.TestInvoker.invokeMethod(TestInvoker.java:598)
at org.testng.internal.TestInvoker.invokeTestMethod(TestInvoker.java:173)
at org.testng.internal.MethodRunner.runInSequence(MethodRunner.java:46)
at org.testng.internal.TestInvoker$MethodInvocationAgent.invoke(TestInvoker.java:824)
at org.testng.internal.TestInvoker.invokeTestMethods(TestInvoker.java:146)
at org.testng.internal.TestMethodWorker.invokeTestMethods(TestMethodWorker.java:146)
at org.testng.internal.TestMethodWorker.run(TestMethodWorker.java:128)
at java.base/java.util.ArrayList.forEach(ArrayList.java:1596)
at org.testng.TestRunner.privateRun(TestRunner.java:794)
at org.testng.TestRunner.run(TestRunner.java:596)
at org.testng.SuiteRunner.runTest(SuiteRunner.java:377)
at org.testng.SuiteRunner.runSequentially(SuiteRunner.java:371)
at org.testng.SuiteRunner.privateRun(SuiteRunner.java:332)
at org.testng.SuiteRunner.run(SuiteRunner.java:276)
at org.testng.SuiteRunnerWorker.runSuite(SuiteRunnerWorker.java:53)
at org.testng.SuiteRunnerWorker.run(SuiteRunnerWorker.java:96)
at org.testng.TestNG.runSuitesSequentially(TestNG.java:1212)
at org.testng.TestNG.runSuitesLocally(TestNG.java:1134)
at org.testng.TestNG.runSuites(TestNG.java:1063)
at org.testng.TestNG.run(TestNG.java:1031)
at org.testng.remote.AbstractRemoteTestNG.run(AbstractRemoteTestNG.java:115)
at org.testng.remote.RemoteTestNG.initAndRun(RemoteTestNG.java:251)
at org.testng.remote.RemoteTestNG.main(RemoteTestNG.java:77)
]]>
    </failure>
  </testcase> <!-- validatemodifyPermissionUserGroupTest -->
  <system-out>
    <![CDATA[User logged in successfully
Workflows Permissions Tab is clicked
Categories button is clicked
Workflow category is selected successfully
Groups button is selected successfully
Modify Permission is selected successfully
Save button is clicked
Actual Success Message:- Permissions updated successfully
Expected Success Message:- Permissions updated successfully
Permission is updated successfully
User signed out successfully
Edit button is Clicked
Cleanup Requests older than Hours fields is set
Actual Success Message after editing workflow: Value for "Cleanup Requests older than(Hours)" cannot be greater than the value [4] set by System Administrator!
Expected Success Message after editing workflow: Workflow updated successfully]]>
  </system-out>
  <testcase classname="com.ae.qa.tests.TenantAdmin.PermissionsPageTestTA" name="validateviewPermissionUserGroupTest" time="20.015"/>
  <system-out>
    <![CDATA[View permission is assigned so workflow is displayed successfully
User signed out successfully
View permission is assigned so workflow is displayed successfully
User signed out successfully]]>
  </system-out>
  <testcase classname="com.ae.qa.tests.TenantAdmin.PermissionsPageTestTA" name="validatesingleWFRunPermissionToUserTest" time="20.100"/>
  <system-out>
    <![CDATA[Catalogue Tab is clicked
Workflow whose request needs to be send is selected
Submit request button is clicked
OK button is clicked
User signed out successfully]]>
  </system-out>
</testsuite> <!-- com.ae.qa.tests.TenantAdmin.PermissionsPageTestTA -->
