<?xml version="1.0" encoding="UTF-8"?>
<!-- Generated by org.testng.reporters.JUnitReportReporter -->
<testsuite hostname="AELPT-0910" failures="0" tests="36" name="com.ae.qa.testcases.TenantUsersPageTest" time="2.109" errors="1" timestamp="2023-08-30T10:16:21 IST" skipped="35">
  <testcase classname="com.ae.qa.testcases.TenantUsersPageTest" name="initialization" time="2.108">
    <error message="session not created: This version of ChromeDriver only supports Chrome version 114
Current browser version is 116.0.5845.111 with binary path C:\Program Files (x86)\Google\Chrome\Application\chrome.exe
Build info: version: &#039;3.141.59&#039;, revision: &#039;e82be7d358&#039;, time: &#039;2018-11-14T08:17:03&#039;
System info: host: &#039;AELPT-0910&#039;, ip: &#039;192.168.0.136&#039;, os.name: &#039;Windows 10&#039;, os.arch: &#039;amd64&#039;, os.version: &#039;10.0&#039;, java.version: &#039;16.0.2&#039;
Driver info: driver.version: ChromeDriver
remote stacktrace: Backtrace:
	GetHandleVerifier [0x0111A813+48355]
	(No symbol) [0x010AC4B1]
	(No symbol) [0x00FB5358]
	(No symbol) [0x00FD61AC]
	(No symbol) [0x00FD1EF3]
	(No symbol) [0x00FD0579]
	(No symbol) [0x01000C55]
	(No symbol) [0x0100093C]
	(No symbol) [0x00FFA536]
	(No symbol) [0x00FD82DC]
	(No symbol) [0x00FD93DD]
	GetHandleVerifier [0x0137AABD+2539405]
	GetHandleVerifier [0x013BA78F+2800735]
	GetHandleVerifier [0x013B456C+2775612]
	GetHandleVerifier [0x011A51E0+616112]
	(No symbol) [0x010B5F8C]
	(No symbol) [0x010B2328]
	(No symbol) [0x010B240B]
	(No symbol) [0x010A4FF7]
	BaseThreadInitThunk [0x775600C9+25]
	RtlGetAppContainerNamedObjectPath [0x77977B1E+286]
	RtlGetAppContainerNamedObjectPath [0x77977AEE+238]
" type="org.openqa.selenium.SessionNotCreatedException">
      <![CDATA[org.openqa.selenium.SessionNotCreatedException: session not created: This version of ChromeDriver only supports Chrome version 114
Current browser version is 116.0.5845.111 with binary path C:\Program Files (x86)\Google\Chrome\Application\chrome.exe
Build info: version: '3.141.59', revision: 'e82be7d358', time: '2018-11-14T08:17:03'
System info: host: 'AELPT-0910', ip: '192.168.0.136', os.name: 'Windows 10', os.arch: 'amd64', os.version: '10.0', java.version: '16.0.2'
Driver info: driver.version: ChromeDriver
remote stacktrace: Backtrace:
GetHandleVerifier [0x0111A813+48355]
(No symbol) [0x010AC4B1]
(No symbol) [0x00FB5358]
(No symbol) [0x00FD61AC]
(No symbol) [0x00FD1EF3]
(No symbol) [0x00FD0579]
(No symbol) [0x01000C55]
(No symbol) [0x0100093C]
(No symbol) [0x00FFA536]
(No symbol) [0x00FD82DC]
(No symbol) [0x00FD93DD]
GetHandleVerifier [0x0137AABD+2539405]
GetHandleVerifier [0x013BA78F+2800735]
GetHandleVerifier [0x013B456C+2775612]
GetHandleVerifier [0x011A51E0+616112]
(No symbol) [0x010B5F8C]
(No symbol) [0x010B2328]
(No symbol) [0x010B240B]
(No symbol) [0x010A4FF7]
BaseThreadInitThunk [0x775600C9+25]
RtlGetAppContainerNamedObjectPath [0x77977B1E+286]
RtlGetAppContainerNamedObjectPath [0x77977AEE+238]

at java.base/jdk.internal.reflect.NativeConstructorAccessorImpl.newInstance0(Native Method)
at java.base/jdk.internal.reflect.NativeConstructorAccessorImpl.newInstance(NativeConstructorAccessorImpl.java:78)
at java.base/jdk.internal.reflect.DelegatingConstructorAccessorImpl.newInstance(DelegatingConstructorAccessorImpl.java:45)
at java.base/java.lang.reflect.Constructor.newInstanceWithCaller(Constructor.java:499)
at java.base/java.lang.reflect.Constructor.newInstance(Constructor.java:480)
at org.openqa.selenium.remote.W3CHandshakeResponse.lambda$errorHandler$0(W3CHandshakeResponse.java:62)
at org.openqa.selenium.remote.HandshakeResponse.lambda$getResponseFunction$0(HandshakeResponse.java:30)
at org.openqa.selenium.remote.ProtocolHandshake.lambda$createSession$0(ProtocolHandshake.java:126)
at java.base/java.util.stream.ReferencePipeline$3$1.accept(ReferencePipeline.java:197)
at java.base/java.util.Spliterators$ArraySpliterator.tryAdvance(Spliterators.java:958)
at java.base/java.util.stream.ReferencePipeline.forEachWithCancel(ReferencePipeline.java:129)
at java.base/java.util.stream.AbstractPipeline.copyIntoWithCancel(AbstractPipeline.java:502)
at java.base/java.util.stream.AbstractPipeline.copyInto(AbstractPipeline.java:488)
at java.base/java.util.stream.AbstractPipeline.wrapAndCopyInto(AbstractPipeline.java:474)
at java.base/java.util.stream.FindOps$FindOp.evaluateSequential(FindOps.java:150)
at java.base/java.util.stream.AbstractPipeline.evaluate(AbstractPipeline.java:234)
at java.base/java.util.stream.ReferencePipeline.findFirst(ReferencePipeline.java:647)
at org.openqa.selenium.remote.ProtocolHandshake.createSession(ProtocolHandshake.java:128)
at org.openqa.selenium.remote.ProtocolHandshake.createSession(ProtocolHandshake.java:74)
at org.openqa.selenium.remote.HttpCommandExecutor.execute(HttpCommandExecutor.java:136)
at org.openqa.selenium.remote.service.DriverCommandExecutor.execute(DriverCommandExecutor.java:83)
at org.openqa.selenium.remote.RemoteWebDriver.execute(RemoteWebDriver.java:552)
at org.openqa.selenium.remote.RemoteWebDriver.startSession(RemoteWebDriver.java:213)
at org.openqa.selenium.remote.RemoteWebDriver.<init>(RemoteWebDriver.java:131)
at org.openqa.selenium.chrome.ChromeDriver.<init>(ChromeDriver.java:181)
at org.openqa.selenium.chrome.ChromeDriver.<init>(ChromeDriver.java:168)
at org.openqa.selenium.chrome.ChromeDriver.<init>(ChromeDriver.java:123)
at com.ae.qa.base.TestBase.initialization(TestBase.java:183)
at java.base/jdk.internal.reflect.NativeMethodAccessorImpl.invoke0(Native Method)
at java.base/jdk.internal.reflect.NativeMethodAccessorImpl.invoke(NativeMethodAccessorImpl.java:78)
at java.base/jdk.internal.reflect.DelegatingMethodAccessorImpl.invoke(DelegatingMethodAccessorImpl.java:43)
at java.base/java.lang.reflect.Method.invoke(Method.java:567)
at org.testng.internal.invokers.MethodInvocationHelper.invokeMethod(MethodInvocationHelper.java:139)
at org.testng.internal.invokers.MethodInvocationHelper.invokeMethodConsideringTimeout(MethodInvocationHelper.java:69)
at org.testng.internal.invokers.ConfigInvoker.invokeConfigurationMethod(ConfigInvoker.java:361)
at org.testng.internal.invokers.ConfigInvoker.invokeConfigurations(ConfigInvoker.java:296)
at org.testng.internal.invokers.TestInvoker.runConfigMethods(TestInvoker.java:816)
at org.testng.internal.invokers.TestInvoker.invokeMethod(TestInvoker.java:590)
at org.testng.internal.invokers.TestInvoker.invokeTestMethod(TestInvoker.java:221)
at org.testng.internal.invokers.MethodRunner.runInSequence(MethodRunner.java:50)
at org.testng.internal.invokers.TestInvoker$MethodInvocationAgent.invoke(TestInvoker.java:962)
at org.testng.internal.invokers.TestInvoker.invokeTestMethods(TestInvoker.java:194)
at org.testng.internal.invokers.TestMethodWorker.invokeTestMethods(TestMethodWorker.java:148)
at org.testng.internal.invokers.TestMethodWorker.run(TestMethodWorker.java:128)
at java.base/java.util.ArrayList.forEach(ArrayList.java:1511)
at org.testng.TestRunner.privateRun(TestRunner.java:806)
at org.testng.TestRunner.run(TestRunner.java:601)
at org.testng.SuiteRunner.runTest(SuiteRunner.java:433)
at org.testng.SuiteRunner.runSequentially(SuiteRunner.java:427)
at org.testng.SuiteRunner.privateRun(SuiteRunner.java:387)
at org.testng.SuiteRunner.run(SuiteRunner.java:330)
at org.testng.SuiteRunnerWorker.runSuite(SuiteRunnerWorker.java:52)
at org.testng.SuiteRunnerWorker.run(SuiteRunnerWorker.java:95)
at org.testng.TestNG.runSuitesSequentially(TestNG.java:1256)
at org.testng.TestNG.runSuitesLocally(TestNG.java:1176)
at org.testng.TestNG.runSuites(TestNG.java:1099)
at org.testng.TestNG.run(TestNG.java:1067)
at org.testng.remote.AbstractRemoteTestNG.run(AbstractRemoteTestNG.java:115)
at org.testng.remote.RemoteTestNG.initAndRun(RemoteTestNG.java:251)
at org.testng.remote.RemoteTestNG.main(RemoteTestNG.java:77)
]]>
    </error>
  </testcase> <!-- initialization -->
  <system-out/>
  <testcase classname="com.ae.qa.testcases.TenantUsersPageTest" name="ValidateCreatingTenantAdminTest" time="0.000">
    <skipped/>
  </testcase> <!-- ValidateCreatingTenantAdminTest -->
  <system-out/>
  <testcase classname="com.ae.qa.testcases.TenantUsersPageTest" name="ValidateEditTenantUserTest" time="0.000">
    <skipped/>
  </testcase> <!-- ValidateEditTenantUserTest -->
  <system-out/>
  <testcase classname="com.ae.qa.testcases.TenantUsersPageTest" name="validateTenantUsersPageTest" time="0.000">
    <skipped/>
  </testcase> <!-- validateTenantUsersPageTest -->
  <system-out/>
  <testcase classname="com.ae.qa.testcases.TenantUsersPageTest" name="validateAdvSearchForTenantNameEqualToTenantusersPageTest" time="0.000">
    <skipped/>
  </testcase> <!-- validateAdvSearchForTenantNameEqualToTenantusersPageTest -->
  <system-out/>
  <testcase classname="com.ae.qa.testcases.TenantUsersPageTest" name="validateAdvSearchForTenantNameNotEqualToTenantusersPageTest" time="0.000">
    <skipped/>
  </testcase> <!-- validateAdvSearchForTenantNameNotEqualToTenantusersPageTest -->
  <system-out/>
  <testcase classname="com.ae.qa.testcases.TenantUsersPageTest" name="validateAdvSearchForTenantNameIsLikeTenantusersPageTest" time="0.000">
    <skipped/>
  </testcase> <!-- validateAdvSearchForTenantNameIsLikeTenantusersPageTest -->
  <system-out/>
  <testcase classname="com.ae.qa.testcases.TenantUsersPageTest" name="validateAdvSearchForTenantNameBeginsWithTenantusersPageTest" time="0.000">
    <skipped/>
  </testcase> <!-- validateAdvSearchForTenantNameBeginsWithTenantusersPageTest -->
  <system-out/>
  <testcase classname="com.ae.qa.testcases.TenantUsersPageTest" name="validateAdvSearchForTenantNameEndsWithTenantusersPageTest" time="0.000">
    <skipped/>
  </testcase> <!-- validateAdvSearchForTenantNameEndsWithTenantusersPageTest -->
  <system-out/>
  <testcase classname="com.ae.qa.testcases.TenantUsersPageTest" name="validateAdvSearchForUserNameEqualToTenantusersPageTest" time="0.000">
    <skipped/>
  </testcase> <!-- validateAdvSearchForUserNameEqualToTenantusersPageTest -->
  <system-out/>
  <testcase classname="com.ae.qa.testcases.TenantUsersPageTest" name="validateAdvSearchForUserNameNotEqualToTenantusersPageTest" time="0.000">
    <skipped/>
  </testcase> <!-- validateAdvSearchForUserNameNotEqualToTenantusersPageTest -->
  <system-out/>
  <testcase classname="com.ae.qa.testcases.TenantUsersPageTest" name="validateAdvSearchForUserNameIsLikeTenantusersPageTest" time="0.000">
    <skipped/>
  </testcase> <!-- validateAdvSearchForUserNameIsLikeTenantusersPageTest -->
  <system-out/>
  <testcase classname="com.ae.qa.testcases.TenantUsersPageTest" name="validateAdvSearchForUserNameBeginsWithTenantusersPageTest" time="0.000">
    <skipped/>
  </testcase> <!-- validateAdvSearchForUserNameBeginsWithTenantusersPageTest -->
  <system-out/>
  <testcase classname="com.ae.qa.testcases.TenantUsersPageTest" name="validateAdvSearchForUserNameEndsWithTenantusersPageTest" time="0.000">
    <skipped/>
  </testcase> <!-- validateAdvSearchForUserNameEndsWithTenantusersPageTest -->
  <system-out/>
  <testcase classname="com.ae.qa.testcases.TenantUsersPageTest" name="validateAdvSearchForFirstNameEqualToTenantusersPageTest" time="0.000">
    <skipped/>
  </testcase> <!-- validateAdvSearchForFirstNameEqualToTenantusersPageTest -->
  <system-out/>
  <testcase classname="com.ae.qa.testcases.TenantUsersPageTest" name="validateAdvSearchForFirstNameNotEqualToTenantusersPageTest" time="0.000">
    <skipped/>
  </testcase> <!-- validateAdvSearchForFirstNameNotEqualToTenantusersPageTest -->
  <system-out/>
  <testcase classname="com.ae.qa.testcases.TenantUsersPageTest" name="validateAdvSearchForFirstNameIsLikeTenantusersPageTest" time="0.000">
    <skipped/>
  </testcase> <!-- validateAdvSearchForFirstNameIsLikeTenantusersPageTest -->
  <system-out/>
  <testcase classname="com.ae.qa.testcases.TenantUsersPageTest" name="validateAdvSearchForFirstNameBeginsWithTenantusersPageTest" time="0.000">
    <skipped/>
  </testcase> <!-- validateAdvSearchForFirstNameBeginsWithTenantusersPageTest -->
  <system-out/>
  <testcase classname="com.ae.qa.testcases.TenantUsersPageTest" name="validateAdvSearchForFirstNameEndsWithTenantusersPageTest" time="0.000">
    <skipped/>
  </testcase> <!-- validateAdvSearchForFirstNameEndsWithTenantusersPageTest -->
  <system-out/>
  <testcase classname="com.ae.qa.testcases.TenantUsersPageTest" name="validateAdvSearchForLastNameEqualToTenantusersPageTest" time="0.000">
    <skipped/>
  </testcase> <!-- validateAdvSearchForLastNameEqualToTenantusersPageTest -->
  <system-out/>
  <testcase classname="com.ae.qa.testcases.TenantUsersPageTest" name="validateAdvSearchForLastNameNotEqualToTenantusersPageTest" time="0.000">
    <skipped/>
  </testcase> <!-- validateAdvSearchForLastNameNotEqualToTenantusersPageTest -->
  <system-out/>
  <testcase classname="com.ae.qa.testcases.TenantUsersPageTest" name="validateAdvSearchForLastNameIsLikeTenantusersPageTest" time="0.000">
    <skipped/>
  </testcase> <!-- validateAdvSearchForLastNameIsLikeTenantusersPageTest -->
  <system-out/>
  <testcase classname="com.ae.qa.testcases.TenantUsersPageTest" name="validateAdvSearchForLastNameBeginsWithTenantusersPageTest" time="0.000">
    <skipped/>
  </testcase> <!-- validateAdvSearchForLastNameBeginsWithTenantusersPageTest -->
  <system-out/>
  <testcase classname="com.ae.qa.testcases.TenantUsersPageTest" name="validateAdvSearchForLastNameEndsWithTenantusersPageTest" time="0.000">
    <skipped/>
  </testcase> <!-- validateAdvSearchForLastNameEndsWithTenantusersPageTest -->
  <system-out/>
  <testcase classname="com.ae.qa.testcases.TenantUsersPageTest" name="validateCreatedEqualToTenantusersPageTest" time="0.001">
    <skipped/>
  </testcase> <!-- validateCreatedEqualToTenantusersPageTest -->
  <system-out/>
  <testcase classname="com.ae.qa.testcases.TenantUsersPageTest" name="validateCreatedBeforeTenantusersPageTest" time="0.000">
    <skipped/>
  </testcase> <!-- validateCreatedBeforeTenantusersPageTest -->
  <system-out/>
  <testcase classname="com.ae.qa.testcases.TenantUsersPageTest" name="validateCreatedAfterTenantusersPageTest" time="0.000">
    <skipped/>
  </testcase> <!-- validateCreatedAfterTenantusersPageTest -->
  <system-out/>
  <testcase classname="com.ae.qa.testcases.TenantUsersPageTest" name="validateCreatedInBetweenTenantusersPageTest" time="0.000">
    <skipped/>
  </testcase> <!-- validateCreatedInBetweenTenantusersPageTest -->
  <system-out/>
  <testcase classname="com.ae.qa.testcases.TenantUsersPageTest" name="validateCreatedNotInBetweenTenantusersPageTest" time="0.000">
    <skipped/>
  </testcase> <!-- validateCreatedNotInBetweenTenantusersPageTest -->
  <system-out/>
  <testcase classname="com.ae.qa.testcases.TenantUsersPageTest" name="validateLastUpdatedCreatedEqualToTenantusersPageTest" time="0.000">
    <skipped/>
  </testcase> <!-- validateLastUpdatedCreatedEqualToTenantusersPageTest -->
  <system-out/>
  <testcase classname="com.ae.qa.testcases.TenantUsersPageTest" name="validateLastUpdatedCreatedBeforeTenantusersPageTest" time="0.000">
    <skipped/>
  </testcase> <!-- validateLastUpdatedCreatedBeforeTenantusersPageTest -->
  <system-out/>
  <testcase classname="com.ae.qa.testcases.TenantUsersPageTest" name="validateLastUpdatedCreatedAfterTenantusersPageTest" time="0.000">
    <skipped/>
  </testcase> <!-- validateLastUpdatedCreatedAfterTenantusersPageTest -->
  <system-out/>
  <testcase classname="com.ae.qa.testcases.TenantUsersPageTest" name="validateLastUpdatedCreatedInBetweenTenantusersPageTest" time="0.000">
    <skipped/>
  </testcase> <!-- validateLastUpdatedCreatedInBetweenTenantusersPageTest -->
  <system-out/>
  <testcase classname="com.ae.qa.testcases.TenantUsersPageTest" name="validateLastUpdatedCreatedNotInBetweenTenantusersPageTest" time="0.000">
    <skipped/>
  </testcase> <!-- validateLastUpdatedCreatedNotInBetweenTenantusersPageTest -->
  <system-out/>
  <testcase classname="com.ae.qa.testcases.TenantUsersPageTest" name="validateStateDropdownEqualToTenantusersPageTest" time="0.000">
    <skipped/>
  </testcase> <!-- validateStateDropdownEqualToTenantusersPageTest -->
  <system-out/>
  <testcase classname="com.ae.qa.testcases.TenantUsersPageTest" name="validateStateDropdownNotEqualToTenantusersPageTest" time="0.000">
    <skipped/>
  </testcase> <!-- validateStateDropdownNotEqualToTenantusersPageTest -->
  <system-out/>
</testsuite> <!-- com.ae.qa.testcases.TenantUsersPageTest -->
